{"C:\\Users\\samue\\CodeForge\\backend\\src\\app.ts": {"path":"C:\\Users\\samue\\CodeForge\\backend\\src\\app.ts","statementMap":{"0":{"start":{"line":46,"column":4},"end":{"line":70,"column":null}},"1":{"start":{"line":72,"column":10},"end":{"line":72,"column":null}},"2":{"start":{"line":73,"column":4},"end":{"line":82,"column":null}},"3":{"start":{"line":74,"column":8},"end":{"line":81,"column":null}},"4":{"start":{"line":89,"column":8},"end":{"line":89,"column":null}},"5":{"start":{"line":91,"column":4},"end":{"line":95,"column":null}},"6":{"start":{"line":92,"column":8},"end":{"line":94,"column":null}},"7":{"start":{"line":97,"column":4},"end":{"line":143,"column":null}},"8":{"start":{"line":145,"column":4},"end":{"line":153,"column":null}},"9":{"start":{"line":148,"column":12},"end":{"line":151,"column":null}},"10":{"start":{"line":155,"column":4},"end":{"line":158,"column":null}},"11":{"start":{"line":160,"column":4},"end":{"line":162,"column":null}},"12":{"start":{"line":164,"column":4},"end":{"line":187,"column":null}},"13":{"start":{"line":189,"column":4},"end":{"line":203,"column":null}},"14":{"start":{"line":196,"column":41},"end":{"line":201,"column":null}},"15":{"start":{"line":205,"column":27},"end":{"line":212,"column":null}},"16":{"start":{"line":214,"column":4},"end":{"line":216,"column":null}},"17":{"start":{"line":215,"column":8},"end":{"line":215,"column":null}},"18":{"start":{"line":218,"column":4},"end":{"line":222,"column":null}},"19":{"start":{"line":228,"column":4},"end":{"line":294,"column":null}},"20":{"start":{"line":229,"column":14},"end":{"line":229,"column":null}},"21":{"start":{"line":230,"column":20},"end":{"line":230,"column":null}},"22":{"start":{"line":232,"column":8},"end":{"line":241,"column":null}},"23":{"start":{"line":233,"column":12},"end":{"line":240,"column":null}},"24":{"start":{"line":243,"column":8},"end":{"line":251,"column":null}},"25":{"start":{"line":244,"column":12},"end":{"line":250,"column":null}},"26":{"start":{"line":253,"column":8},"end":{"line":261,"column":null}},"27":{"start":{"line":254,"column":12},"end":{"line":260,"column":null}},"28":{"start":{"line":263,"column":8},"end":{"line":272,"column":null}},"29":{"start":{"line":264,"column":12},"end":{"line":271,"column":null}},"30":{"start":{"line":274,"column":8},"end":{"line":282,"column":null}},"31":{"start":{"line":275,"column":12},"end":{"line":281,"column":null}},"32":{"start":{"line":284,"column":8},"end":{"line":284,"column":null}},"33":{"start":{"line":286,"column":8},"end":{"line":293,"column":null}},"34":{"start":{"line":307,"column":4},"end":{"line":312,"column":null}},"35":{"start":{"line":314,"column":4},"end":{"line":320,"column":null}},"36":{"start":{"line":322,"column":4},"end":{"line":328,"column":null}},"37":{"start":{"line":330,"column":4},"end":{"line":335,"column":null}},"38":{"start":{"line":337,"column":4},"end":{"line":337,"column":null}},"39":{"start":{"line":343,"column":12},"end":{"line":359,"column":null}},"40":{"start":{"line":347,"column":31},"end":{"line":351,"column":null}},"41":{"start":{"line":352,"column":29},"end":{"line":354,"column":null}},"42":{"start":{"line":368,"column":4},"end":{"line":368,"column":null}}},"fnMap":{"0":{"name":"configureApp","decl":{"start":{"line":39,"column":15},"end":{"line":39,"column":null}},"loc":{"start":{"line":41,"column":28},"end":{"line":338,"column":null}},"line":41},"1":{"name":"(anonymous_1)","decl":{"start":{"line":147,"column":8},"end":{"line":147,"column":15}},"loc":{"start":{"line":147,"column":35},"end":{"line":152,"column":null}},"line":147},"2":{"name":"(anonymous_2)","decl":{"start":{"line":196,"column":12},"end":{"line":196,"column":41}},"loc":{"start":{"line":196,"column":41},"end":{"line":201,"column":null}},"line":196},"3":{"name":"(anonymous_3)","decl":{"start":{"line":228,"column":8},"end":{"line":228,"column":25}},"loc":{"start":{"line":228,"column":60},"end":{"line":294,"column":5}},"line":228},"4":{"name":"(anonymous_4)","decl":{"start":{"line":347,"column":12},"end":{"line":347,"column":18}},"loc":{"start":{"line":347,"column":31},"end":{"line":351,"column":null}},"line":347},"5":{"name":"(anonymous_5)","decl":{"start":{"line":352,"column":12},"end":{"line":352,"column":18}},"loc":{"start":{"line":352,"column":29},"end":{"line":354,"column":null}},"line":352}},"branchMap":{"0":{"loc":{"start":{"line":73,"column":4},"end":{"line":82,"column":null}},"type":"if","locations":[{"start":{"line":73,"column":4},"end":{"line":82,"column":null}},{"start":{},"end":{}}],"line":73},"1":{"loc":{"start":{"line":91,"column":4},"end":{"line":95,"column":null}},"type":"if","locations":[{"start":{"line":91,"column":4},"end":{"line":95,"column":null}},{"start":{},"end":{}}],"line":91},"2":{"loc":{"start":{"line":115,"column":20},"end":{"line":116,"column":null}},"type":"binary-expr","locations":[{"start":{"line":115,"column":20},"end":{"line":115,"column":null}},{"start":{"line":116,"column":20},"end":{"line":116,"column":null}}],"line":115},"3":{"loc":{"start":{"line":214,"column":4},"end":{"line":216,"column":null}},"type":"if","locations":[{"start":{"line":214,"column":4},"end":{"line":216,"column":null}},{"start":{},"end":{}}],"line":214},"4":{"loc":{"start":{"line":232,"column":8},"end":{"line":241,"column":null}},"type":"if","locations":[{"start":{"line":232,"column":8},"end":{"line":241,"column":null}},{"start":{},"end":{}}],"line":232},"5":{"loc":{"start":{"line":232,"column":12},"end":{"line":232,"column":67}},"type":"binary-expr","locations":[{"start":{"line":232,"column":12},"end":{"line":232,"column":47}},{"start":{"line":232,"column":47},"end":{"line":232,"column":67}}],"line":232},"6":{"loc":{"start":{"line":238,"column":29},"end":{"line":238,"column":null}},"type":"cond-expr","locations":[{"start":{"line":238,"column":38},"end":{"line":238,"column":50}},{"start":{"line":238,"column":50},"end":{"line":238,"column":null}}],"line":238},"7":{"loc":{"start":{"line":243,"column":8},"end":{"line":251,"column":null}},"type":"if","locations":[{"start":{"line":243,"column":8},"end":{"line":251,"column":null}},{"start":{},"end":{}}],"line":243},"8":{"loc":{"start":{"line":243,"column":12},"end":{"line":243,"column":58}},"type":"binary-expr","locations":[{"start":{"line":243,"column":12},"end":{"line":243,"column":46}},{"start":{"line":243,"column":46},"end":{"line":243,"column":58}}],"line":243},"9":{"loc":{"start":{"line":253,"column":8},"end":{"line":261,"column":null}},"type":"if","locations":[{"start":{"line":253,"column":8},"end":{"line":261,"column":null}},{"start":{},"end":{}}],"line":253},"10":{"loc":{"start":{"line":263,"column":8},"end":{"line":272,"column":null}},"type":"if","locations":[{"start":{"line":263,"column":8},"end":{"line":272,"column":null}},{"start":{},"end":{}}],"line":263},"11":{"loc":{"start":{"line":274,"column":8},"end":{"line":282,"column":null}},"type":"if","locations":[{"start":{"line":274,"column":8},"end":{"line":282,"column":null}},{"start":{},"end":{}}],"line":274},"12":{"loc":{"start":{"line":274,"column":12},"end":{"line":274,"column":77}},"type":"binary-expr","locations":[{"start":{"line":274,"column":12},"end":{"line":274,"column":30}},{"start":{"line":274,"column":30},"end":{"line":274,"column":55}},{"start":{"line":274,"column":55},"end":{"line":274,"column":77}}],"line":274},"13":{"loc":{"start":{"line":278,"column":26},"end":{"line":278,"column":null}},"type":"binary-expr","locations":[{"start":{"line":278,"column":26},"end":{"line":278,"column":38}},{"start":{"line":278,"column":38},"end":{"line":278,"column":null}}],"line":278},"14":{"loc":{"start":{"line":290,"column":25},"end":{"line":290,"column":null}},"type":"cond-expr","locations":[{"start":{"line":290,"column":34},"end":{"line":290,"column":68}},{"start":{"line":290,"column":68},"end":{"line":290,"column":null}}],"line":290},"15":{"loc":{"start":{"line":291,"column":23},"end":{"line":291,"column":null}},"type":"cond-expr","locations":[{"start":{"line":291,"column":32},"end":{"line":291,"column":44}},{"start":{"line":291,"column":44},"end":{"line":291,"column":null}}],"line":291}},"s":{"0":3,"1":3,"2":3,"3":3,"4":3,"5":3,"6":0,"7":3,"8":3,"9":15,"10":3,"11":3,"12":3,"13":3,"14":1,"15":3,"16":3,"17":0,"18":3,"19":3,"20":8,"21":8,"22":8,"23":0,"24":8,"25":0,"26":8,"27":0,"28":8,"29":1,"30":7,"31":7,"32":0,"33":0,"34":3,"35":3,"36":3,"37":3,"38":3,"39":3,"40":15,"41":15,"42":3},"f":{"0":3,"1":15,"2":1,"3":8,"4":15,"5":15},"b":{"0":[3,0],"1":[0,3],"2":[3,3],"3":[0,3],"4":[0,8],"5":[8,0],"6":[0,0],"7":[0,8],"8":[8,0],"9":[0,8],"10":[1,7],"11":[7,0],"12":[7,7,7],"13":[7,1],"14":[0,0],"15":[0,0]},"meta":{"lastBranch":16,"lastFunction":6,"lastStatement":43,"seen":{"f:39:15:39:Infinity":0,"s:46:4:70:Infinity":0,"s:72:10:72:Infinity":1,"b:73:4:82:Infinity:undefined:undefined:undefined:undefined":0,"s:73:4:82:Infinity":2,"s:74:8:81:Infinity":3,"s:89:8:89:Infinity":4,"b:91:4:95:Infinity:undefined:undefined:undefined:undefined":1,"s:91:4:95:Infinity":5,"s:92:8:94:Infinity":6,"s:97:4:143:Infinity":7,"b:115:20:115:Infinity:116:20:116:Infinity":2,"s:145:4:153:Infinity":8,"f:147:8:147:15":1,"s:148:12:151:Infinity":9,"s:155:4:158:Infinity":10,"s:160:4:162:Infinity":11,"s:164:4:187:Infinity":12,"s:189:4:203:Infinity":13,"f:196:12:196:41":2,"s:196:41:201:Infinity":14,"s:205:27:212:Infinity":15,"b:214:4:216:Infinity:undefined:undefined:undefined:undefined":3,"s:214:4:216:Infinity":16,"s:215:8:215:Infinity":17,"s:218:4:222:Infinity":18,"s:228:4:294:Infinity":19,"f:228:8:228:25":3,"s:229:14:229:Infinity":20,"s:230:20:230:Infinity":21,"b:232:8:241:Infinity:undefined:undefined:undefined:undefined":4,"s:232:8:241:Infinity":22,"b:232:12:232:47:232:47:232:67":5,"s:233:12:240:Infinity":23,"b:238:38:238:50:238:50:238:Infinity":6,"b:243:8:251:Infinity:undefined:undefined:undefined:undefined":7,"s:243:8:251:Infinity":24,"b:243:12:243:46:243:46:243:58":8,"s:244:12:250:Infinity":25,"b:253:8:261:Infinity:undefined:undefined:undefined:undefined":9,"s:253:8:261:Infinity":26,"s:254:12:260:Infinity":27,"b:263:8:272:Infinity:undefined:undefined:undefined:undefined":10,"s:263:8:272:Infinity":28,"s:264:12:271:Infinity":29,"b:274:8:282:Infinity:undefined:undefined:undefined:undefined":11,"s:274:8:282:Infinity":30,"b:274:12:274:30:274:30:274:55:274:55:274:77":12,"s:275:12:281:Infinity":31,"b:278:26:278:38:278:38:278:Infinity":13,"s:284:8:284:Infinity":32,"s:286:8:293:Infinity":33,"b:290:34:290:68:290:68:290:Infinity":14,"b:291:32:291:44:291:44:291:Infinity":15,"s:307:4:312:Infinity":34,"s:314:4:320:Infinity":35,"s:322:4:328:Infinity":36,"s:330:4:335:Infinity":37,"s:337:4:337:Infinity":38,"s:343:12:359:Infinity":39,"f:347:12:347:18":4,"s:347:31:351:Infinity":40,"f:352:12:352:18":5,"s:352:29:354:Infinity":41,"s:368:4:368:Infinity":42},"fnNames":{}}}
,"C:\\Users\\samue\\CodeForge\\backend\\src\\config\\db.ts": {"path":"C:\\Users\\samue\\CodeForge\\backend\\src\\config\\db.ts","statementMap":{"0":{"start":{"line":13,"column":18},"end":{"line":48,"column":null}},"1":{"start":{"line":14,"column":4},"end":{"line":47,"column":null}},"2":{"start":{"line":15,"column":8},"end":{"line":46,"column":null}},"3":{"start":{"line":16,"column":29},"end":{"line":16,"column":null}},"4":{"start":{"line":18,"column":12},"end":{"line":20,"column":null}},"5":{"start":{"line":19,"column":16},"end":{"line":19,"column":null}},"6":{"start":{"line":22,"column":12},"end":{"line":24,"column":null}},"7":{"start":{"line":26,"column":12},"end":{"line":26,"column":null}},"8":{"start":{"line":29,"column":12},"end":{"line":31,"column":null}},"9":{"start":{"line":30,"column":16},"end":{"line":30,"column":null}},"10":{"start":{"line":33,"column":12},"end":{"line":35,"column":null}},"11":{"start":{"line":34,"column":16},"end":{"line":34,"column":null}},"12":{"start":{"line":37,"column":12},"end":{"line":37,"column":null}},"13":{"start":{"line":39,"column":12},"end":{"line":39,"column":null}},"14":{"start":{"line":40,"column":12},"end":{"line":40,"column":null}},"15":{"start":{"line":41,"column":12},"end":{"line":44,"column":null}},"16":{"start":{"line":42,"column":16},"end":{"line":42,"column":null}},"17":{"start":{"line":43,"column":16},"end":{"line":43,"column":null}},"18":{"start":{"line":45,"column":12},"end":{"line":45,"column":null}},"19":{"start":{"line":45,"column":39},"end":{"line":45,"column":61}}},"fnMap":{"0":{"name":"(anonymous_0)","decl":{"start":{"line":13,"column":18},"end":{"line":13,"column":25}},"loc":{"start":{"line":13,"column":70},"end":{"line":48,"column":null}},"line":13},"1":{"name":"(anonymous_1)","decl":{"start":{"line":29,"column":35},"end":{"line":29,"column":45}},"loc":{"start":{"line":29,"column":53},"end":{"line":31,"column":13}},"line":29},"2":{"name":"(anonymous_2)","decl":{"start":{"line":33,"column":35},"end":{"line":33,"column":57}},"loc":{"start":{"line":33,"column":57},"end":{"line":35,"column":13}},"line":33},"3":{"name":"(anonymous_3)","decl":{"start":{"line":45,"column":22},"end":{"line":45,"column":31}},"loc":{"start":{"line":45,"column":39},"end":{"line":45,"column":61}},"line":45}},"branchMap":{"0":{"loc":{"start":{"line":13,"column":25},"end":{"line":13,"column":38}},"type":"default-arg","locations":[{"start":{"line":13,"column":35},"end":{"line":13,"column":38}}],"line":13},"1":{"loc":{"start":{"line":13,"column":38},"end":{"line":13,"column":70}},"type":"default-arg","locations":[{"start":{"line":13,"column":46},"end":{"line":13,"column":70}}],"line":13},"2":{"loc":{"start":{"line":18,"column":12},"end":{"line":20,"column":null}},"type":"if","locations":[{"start":{"line":18,"column":12},"end":{"line":20,"column":null}},{"start":{},"end":{}}],"line":18},"3":{"loc":{"start":{"line":41,"column":12},"end":{"line":44,"column":null}},"type":"if","locations":[{"start":{"line":41,"column":12},"end":{"line":44,"column":null}},{"start":{},"end":{}}],"line":41}},"s":{"0":3,"1":0,"2":0,"3":0,"4":0,"5":0,"6":0,"7":0,"8":0,"9":0,"10":0,"11":0,"12":0,"13":0,"14":0,"15":0,"16":0,"17":0,"18":0,"19":0},"f":{"0":0,"1":0,"2":0,"3":0},"b":{"0":[0],"1":[0],"2":[0,0],"3":[0,0]},"meta":{"lastBranch":4,"lastFunction":4,"lastStatement":20,"seen":{"s:13:18:48:Infinity":0,"f:13:18:13:25":0,"b:13:35:13:38":0,"b:13:46:13:70":1,"s:14:4:47:Infinity":1,"s:15:8:46:Infinity":2,"s:16:29:16:Infinity":3,"b:18:12:20:Infinity:undefined:undefined:undefined:undefined":2,"s:18:12:20:Infinity":4,"s:19:16:19:Infinity":5,"s:22:12:24:Infinity":6,"s:26:12:26:Infinity":7,"s:29:12:31:Infinity":8,"f:29:35:29:45":1,"s:30:16:30:Infinity":9,"s:33:12:35:Infinity":10,"f:33:35:33:57":2,"s:34:16:34:Infinity":11,"s:37:12:37:Infinity":12,"s:39:12:39:Infinity":13,"s:40:12:40:Infinity":14,"b:41:12:44:Infinity:undefined:undefined:undefined:undefined":3,"s:41:12:44:Infinity":15,"s:42:16:42:Infinity":16,"s:43:16:43:Infinity":17,"s:45:12:45:Infinity":18,"f:45:22:45:31":3,"s:45:39:45:61":19},"fnNames":{}}}
,"C:\\Users\\samue\\CodeForge\\backend\\src\\config\\env.ts": {"path":"C:\\Users\\samue\\CodeForge\\backend\\src\\config\\env.ts","statementMap":{"0":{"start":{"line":31,"column":17},"end":{"line":31,"column":null}},"1":{"start":{"line":37,"column":6},"end":{"line":39,"column":null}},"2":{"start":{"line":44,"column":16},"end":{"line":46,"column":null}},"3":{"start":{"line":54,"column":0},"end":{"line":58,"column":null}},"4":{"start":{"line":55,"column":4},"end":{"line":57,"column":null}},"5":{"start":{"line":64,"column":27},"end":{"line":64,"column":null}},"6":{"start":{"line":72,"column":19},"end":{"line":84,"column":null}}},"fnMap":{},"branchMap":{"0":{"loc":{"start":{"line":37,"column":6},"end":{"line":39,"column":null}},"type":"binary-expr","locations":[{"start":{"line":37,"column":6},"end":{"line":38,"column":null}},{"start":{"line":39,"column":4},"end":{"line":39,"column":null}}],"line":37},"1":{"loc":{"start":{"line":44,"column":16},"end":{"line":46,"column":null}},"type":"cond-expr","locations":[{"start":{"line":45,"column":6},"end":{"line":45,"column":null}},{"start":{"line":45,"column":6},"end":{"line":46,"column":null}}],"line":44},"2":{"loc":{"start":{"line":45,"column":6},"end":{"line":46,"column":null}},"type":"binary-expr","locations":[{"start":{"line":45,"column":6},"end":{"line":46,"column":38}},{"start":{"line":46,"column":38},"end":{"line":46,"column":null}}],"line":45},"3":{"loc":{"start":{"line":54,"column":0},"end":{"line":58,"column":null}},"type":"if","locations":[{"start":{"line":54,"column":0},"end":{"line":58,"column":null}},{"start":{},"end":{}}],"line":54},"4":{"loc":{"start":{"line":77,"column":17},"end":{"line":77,"column":41}},"type":"binary-expr","locations":[{"start":{"line":77,"column":17},"end":{"line":77,"column":37}},{"start":{"line":77,"column":37},"end":{"line":77,"column":41}}],"line":77},"5":{"loc":{"start":{"line":79,"column":10},"end":{"line":79,"column":null}},"type":"binary-expr","locations":[{"start":{"line":79,"column":10},"end":{"line":79,"column":38}},{"start":{"line":79,"column":38},"end":{"line":79,"column":null}}],"line":79}},"s":{"0":0,"1":0,"2":0,"3":0,"4":0,"5":0,"6":0},"f":{},"b":{"0":[0,0],"1":[0,0],"2":[0,0],"3":[0,0],"4":[0,0],"5":[0,0]},"meta":{"lastBranch":6,"lastFunction":0,"lastStatement":7,"seen":{"s:31:17:31:Infinity":0,"s:37:6:39:Infinity":1,"b:37:6:38:Infinity:39:4:39:Infinity":0,"s:44:16:46:Infinity":2,"b:45:6:45:Infinity:45:6:46:Infinity":1,"b:45:6:46:38:46:38:46:Infinity":2,"b:54:0:58:Infinity:undefined:undefined:undefined:undefined":3,"s:54:0:58:Infinity":3,"s:55:4:57:Infinity":4,"s:64:27:64:Infinity":5,"s:72:19:84:Infinity":6,"b:77:17:77:37:77:37:77:41":4,"b:79:10:79:38:79:38:79:Infinity":5},"fnNames":{}}}
,"C:\\Users\\samue\\CodeForge\\backend\\src\\controllers\\experienceController.ts": {"path":"C:\\Users\\samue\\CodeForge\\backend\\src\\controllers\\experienceController.ts","statementMap":{"0":{"start":{"line":11,"column":26},"end":{"line":11,"column":null}},"1":{"start":{"line":14,"column":37},"end":{"line":14,"column":null}},"2":{"start":{"line":15,"column":24},"end":{"line":15,"column":null}},"3":{"start":{"line":16,"column":4},"end":{"line":16,"column":null}},"4":{"start":{"line":17,"column":4},"end":{"line":17,"column":null}},"5":{"start":{"line":26,"column":26},"end":{"line":26,"column":null}},"6":{"start":{"line":29,"column":4},"end":{"line":36,"column":null}},"7":{"start":{"line":39,"column":4},"end":{"line":39,"column":null}},"8":{"start":{"line":41,"column":4},"end":{"line":41,"column":null}},"9":{"start":{"line":48,"column":21},"end":{"line":48,"column":null}},"10":{"start":{"line":49,"column":23},"end":{"line":49,"column":null}},"11":{"start":{"line":51,"column":4},"end":{"line":58,"column":null}},"12":{"start":{"line":61,"column":4},"end":{"line":61,"column":null}},"13":{"start":{"line":63,"column":4},"end":{"line":63,"column":null}},"14":{"start":{"line":70,"column":21},"end":{"line":70,"column":null}},"15":{"start":{"line":71,"column":23},"end":{"line":71,"column":null}},"16":{"start":{"line":73,"column":4},"end":{"line":80,"column":null}},"17":{"start":{"line":82,"column":4},"end":{"line":82,"column":null}},"18":{"start":{"line":89,"column":21},"end":{"line":89,"column":null}},"19":{"start":{"line":90,"column":4},"end":{"line":90,"column":null}},"20":{"start":{"line":93,"column":4},"end":{"line":100,"column":null}},"21":{"start":{"line":103,"column":4},"end":{"line":103,"column":null}},"22":{"start":{"line":105,"column":4},"end":{"line":105,"column":null}}},"fnMap":{"0":{"name":"getExperiences","decl":{"start":{"line":13,"column":22},"end":{"line":13,"column":37}},"loc":{"start":{"line":13,"column":135},"end":{"line":18,"column":null}},"line":13},"1":{"name":"createExperience","decl":{"start":{"line":22,"column":22},"end":{"line":22,"column":null}},"loc":{"start":{"line":25,"column":2},"end":{"line":42,"column":null}},"line":25},"2":{"name":"updateExperience","decl":{"start":{"line":44,"column":22},"end":{"line":44,"column":null}},"loc":{"start":{"line":47,"column":2},"end":{"line":64,"column":null}},"line":47},"3":{"name":"updateExperienceImage","decl":{"start":{"line":66,"column":22},"end":{"line":66,"column":null}},"loc":{"start":{"line":69,"column":2},"end":{"line":83,"column":null}},"line":69},"4":{"name":"deleteExperience","decl":{"start":{"line":85,"column":22},"end":{"line":85,"column":null}},"loc":{"start":{"line":88,"column":2},"end":{"line":106,"column":null}},"line":88}},"branchMap":{"0":{"loc":{"start":{"line":14,"column":12},"end":{"line":14,"column":22}},"type":"default-arg","locations":[{"start":{"line":14,"column":19},"end":{"line":14,"column":22}}],"line":14},"1":{"loc":{"start":{"line":14,"column":22},"end":{"line":14,"column":37}},"type":"default-arg","locations":[{"start":{"line":14,"column":30},"end":{"line":14,"column":37}}],"line":14},"2":{"loc":{"start":{"line":35,"column":15},"end":{"line":35,"column":null}},"type":"cond-expr","locations":[{"start":{"line":35,"column":31},"end":{"line":35,"column":63}},{"start":{"line":35,"column":63},"end":{"line":35,"column":null}}],"line":35},"3":{"loc":{"start":{"line":57,"column":15},"end":{"line":57,"column":null}},"type":"cond-expr","locations":[{"start":{"line":57,"column":31},"end":{"line":57,"column":63}},{"start":{"line":57,"column":63},"end":{"line":57,"column":null}}],"line":57},"4":{"loc":{"start":{"line":79,"column":15},"end":{"line":79,"column":null}},"type":"cond-expr","locations":[{"start":{"line":79,"column":31},"end":{"line":79,"column":63}},{"start":{"line":79,"column":63},"end":{"line":79,"column":null}}],"line":79},"5":{"loc":{"start":{"line":99,"column":15},"end":{"line":99,"column":null}},"type":"cond-expr","locations":[{"start":{"line":99,"column":31},"end":{"line":99,"column":63}},{"start":{"line":99,"column":63},"end":{"line":99,"column":null}}],"line":99}},"s":{"0":3,"1":1,"2":1,"3":1,"4":1,"5":0,"6":0,"7":0,"8":0,"9":0,"10":0,"11":0,"12":0,"13":0,"14":0,"15":0,"16":0,"17":0,"18":0,"19":0,"20":0,"21":0,"22":0},"f":{"0":1,"1":0,"2":0,"3":0,"4":0},"b":{"0":[1],"1":[1],"2":[0,0],"3":[0,0],"4":[0,0],"5":[0,0]},"meta":{"lastBranch":6,"lastFunction":5,"lastStatement":23,"seen":{"s:11:26:11:Infinity":0,"f:13:22:13:37":0,"s:14:37:14:Infinity":1,"b:14:19:14:22":0,"b:14:30:14:37":1,"s:15:24:15:Infinity":2,"s:16:4:16:Infinity":3,"s:17:4:17:Infinity":4,"f:22:22:22:Infinity":1,"s:26:26:26:Infinity":5,"s:29:4:36:Infinity":6,"b:35:31:35:63:35:63:35:Infinity":2,"s:39:4:39:Infinity":7,"s:41:4:41:Infinity":8,"f:44:22:44:Infinity":2,"s:48:21:48:Infinity":9,"s:49:23:49:Infinity":10,"s:51:4:58:Infinity":11,"b:57:31:57:63:57:63:57:Infinity":3,"s:61:4:61:Infinity":12,"s:63:4:63:Infinity":13,"f:66:22:66:Infinity":3,"s:70:21:70:Infinity":14,"s:71:23:71:Infinity":15,"s:73:4:80:Infinity":16,"b:79:31:79:63:79:63:79:Infinity":4,"s:82:4:82:Infinity":17,"f:85:22:85:Infinity":4,"s:89:21:89:Infinity":18,"s:90:4:90:Infinity":19,"s:93:4:100:Infinity":20,"b:99:31:99:63:99:63:99:Infinity":5,"s:103:4:103:Infinity":21,"s:105:4:105:Infinity":22},"fnNames":{}}}
,"C:\\Users\\samue\\CodeForge\\backend\\src\\controllers\\healthController.ts": {"path":"C:\\Users\\samue\\CodeForge\\backend\\src\\controllers\\healthController.ts","statementMap":{"0":{"start":{"line":10,"column":4},"end":{"line":10,"column":null}},"1":{"start":{"line":14,"column":20},"end":{"line":14,"column":null}},"2":{"start":{"line":16,"column":4},"end":{"line":20,"column":null}},"3":{"start":{"line":17,"column":8},"end":{"line":17,"column":null}},"4":{"start":{"line":19,"column":8},"end":{"line":19,"column":null}}},"fnMap":{"0":{"name":"checkLiveness","decl":{"start":{"line":9,"column":22},"end":{"line":9,"column":36}},"loc":{"start":{"line":9,"column":82},"end":{"line":11,"column":null}},"line":9},"1":{"name":"checkReadiness","decl":{"start":{"line":13,"column":22},"end":{"line":13,"column":37}},"loc":{"start":{"line":13,"column":83},"end":{"line":21,"column":null}},"line":13}},"branchMap":{"0":{"loc":{"start":{"line":16,"column":4},"end":{"line":20,"column":null}},"type":"if","locations":[{"start":{"line":16,"column":4},"end":{"line":20,"column":null}},{"start":{"line":18,"column":11},"end":{"line":20,"column":null}}],"line":16}},"s":{"0":0,"1":0,"2":0,"3":0,"4":0},"f":{"0":0,"1":0},"b":{"0":[0,0]},"meta":{"lastBranch":1,"lastFunction":2,"lastStatement":5,"seen":{"f:9:22:9:36":0,"s:10:4:10:Infinity":0,"f:13:22:13:37":1,"s:14:20:14:Infinity":1,"b:16:4:20:Infinity:18:11:20:Infinity":0,"s:16:4:20:Infinity":2,"s:17:8:17:Infinity":3,"s:19:8:19:Infinity":4},"fnNames":{}}}
,"C:\\Users\\samue\\CodeForge\\backend\\src\\controllers\\projectController.ts": {"path":"C:\\Users\\samue\\CodeForge\\backend\\src\\controllers\\projectController.ts","statementMap":{"0":{"start":{"line":35,"column":4},"end":{"line":35,"column":null}},"1":{"start":{"line":56,"column":8},"end":{"line":56,"column":null}},"2":{"start":{"line":59,"column":8},"end":{"line":62,"column":null}},"3":{"start":{"line":64,"column":4},"end":{"line":64,"column":null}},"4":{"start":{"line":66,"column":4},"end":{"line":69,"column":null}},"5":{"start":{"line":90,"column":8},"end":{"line":92,"column":null}},"6":{"start":{"line":94,"column":4},"end":{"line":108,"column":null}},"7":{"start":{"line":119,"column":4},"end":{"line":123,"column":null}},"8":{"start":{"line":125,"column":4},"end":{"line":128,"column":null}},"9":{"start":{"line":161,"column":8},"end":{"line":161,"column":null}},"10":{"start":{"line":172,"column":8},"end":{"line":172,"column":null}},"11":{"start":{"line":178,"column":8},"end":{"line":181,"column":null}},"12":{"start":{"line":183,"column":4},"end":{"line":199,"column":null}},"13":{"start":{"line":205,"column":4},"end":{"line":233,"column":null}},"14":{"start":{"line":215,"column":8},"end":{"line":219,"column":null}},"15":{"start":{"line":225,"column":8},"end":{"line":232,"column":null}},"16":{"start":{"line":244,"column":4},"end":{"line":244,"column":null}},"17":{"start":{"line":246,"column":4},"end":{"line":249,"column":null}},"18":{"start":{"line":269,"column":8},"end":{"line":269,"column":null}},"19":{"start":{"line":271,"column":4},"end":{"line":273,"column":null}},"20":{"start":{"line":275,"column":4},"end":{"line":289,"column":null}},"21":{"start":{"line":291,"column":4},"end":{"line":291,"column":null}},"22":{"start":{"line":293,"column":4},"end":{"line":298,"column":null}},"23":{"start":{"line":321,"column":8},"end":{"line":321,"column":null}},"24":{"start":{"line":324,"column":8},"end":{"line":326,"column":null}},"25":{"start":{"line":328,"column":4},"end":{"line":335,"column":null}},"26":{"start":{"line":329,"column":8},"end":{"line":334,"column":null}},"27":{"start":{"line":340,"column":4},"end":{"line":344,"column":null}},"28":{"start":{"line":346,"column":4},"end":{"line":351,"column":null}}},"fnMap":{"0":{"name":"getProjects","decl":{"start":{"line":44,"column":22},"end":{"line":44,"column":null}},"loc":{"start":{"line":52,"column":2},"end":{"line":70,"column":null}},"line":52},"1":{"name":"createProject","decl":{"start":{"line":83,"column":22},"end":{"line":83,"column":null}},"loc":{"start":{"line":88,"column":2},"end":{"line":129,"column":null}},"line":88},"2":{"name":"updateProject","decl":{"start":{"line":149,"column":22},"end":{"line":149,"column":null}},"loc":{"start":{"line":158,"column":2},"end":{"line":250,"column":null}},"line":158},"3":{"name":"deleteProject","decl":{"start":{"line":259,"column":22},"end":{"line":259,"column":null}},"loc":{"start":{"line":266,"column":2},"end":{"line":299,"column":null}},"line":266},"4":{"name":"generateAIForProject","decl":{"start":{"line":311,"column":22},"end":{"line":311,"column":null}},"loc":{"start":{"line":318,"column":2},"end":{"line":352,"column":null}},"line":318}},"branchMap":{"0":{"loc":{"start":{"line":54,"column":8},"end":{"line":54,"column":null}},"type":"default-arg","locations":[{"start":{"line":54,"column":15},"end":{"line":54,"column":null}}],"line":54},"1":{"loc":{"start":{"line":55,"column":8},"end":{"line":55,"column":null}},"type":"default-arg","locations":[{"start":{"line":55,"column":16},"end":{"line":55,"column":null}}],"line":55},"2":{"loc":{"start":{"line":105,"column":15},"end":{"line":107,"column":null}},"type":"cond-expr","locations":[{"start":{"line":106,"column":15},"end":{"line":106,"column":null}},{"start":{"line":107,"column":14},"end":{"line":107,"column":null}}],"line":105},"3":{"loc":{"start":{"line":170,"column":8},"end":{"line":170,"column":null}},"type":"default-arg","locations":[{"start":{"line":170,"column":23},"end":{"line":170,"column":null}}],"line":170},"4":{"loc":{"start":{"line":186,"column":16},"end":{"line":188,"column":null}},"type":"cond-expr","locations":[{"start":{"line":187,"column":14},"end":{"line":187,"column":null}},{"start":{"line":188,"column":14},"end":{"line":188,"column":null}}],"line":186},"5":{"loc":{"start":{"line":196,"column":15},"end":{"line":198,"column":null}},"type":"cond-expr","locations":[{"start":{"line":197,"column":15},"end":{"line":197,"column":null}},{"start":{"line":198,"column":14},"end":{"line":198,"column":null}}],"line":196},"6":{"loc":{"start":{"line":205,"column":4},"end":{"line":233,"column":null}},"type":"if","locations":[{"start":{"line":205,"column":4},"end":{"line":233,"column":null}},{"start":{},"end":{}}],"line":205},"7":{"loc":{"start":{"line":286,"column":15},"end":{"line":288,"column":null}},"type":"cond-expr","locations":[{"start":{"line":287,"column":15},"end":{"line":287,"column":null}},{"start":{"line":288,"column":14},"end":{"line":288,"column":null}}],"line":286},"8":{"loc":{"start":{"line":328,"column":4},"end":{"line":335,"column":null}},"type":"if","locations":[{"start":{"line":328,"column":4},"end":{"line":335,"column":null}},{"start":{},"end":{}}],"line":328}},"s":{"0":3,"1":1,"2":1,"3":1,"4":1,"5":1,"6":1,"7":1,"8":1,"9":0,"10":0,"11":0,"12":0,"13":0,"14":0,"15":0,"16":0,"17":0,"18":0,"19":0,"20":0,"21":0,"22":0,"23":0,"24":0,"25":0,"26":0,"27":0,"28":0},"f":{"0":1,"1":1,"2":0,"3":0,"4":0},"b":{"0":[1],"1":[1],"2":[1,0],"3":[0],"4":[0,0],"5":[0,0],"6":[0,0],"7":[0,0],"8":[0,0]},"meta":{"lastBranch":9,"lastFunction":5,"lastStatement":29,"seen":{"s:35:4:35:Infinity":0,"f:44:22:44:Infinity":0,"s:56:8:56:Infinity":1,"b:54:15:54:Infinity":0,"b:55:16:55:Infinity":1,"s:59:8:62:Infinity":2,"s:64:4:64:Infinity":3,"s:66:4:69:Infinity":4,"f:83:22:83:Infinity":1,"s:90:8:92:Infinity":5,"s:94:4:108:Infinity":6,"b:106:15:106:Infinity:107:14:107:Infinity":2,"s:119:4:123:Infinity":7,"s:125:4:128:Infinity":8,"f:149:22:149:Infinity":2,"s:161:8:161:Infinity":9,"s:172:8:172:Infinity":10,"b:170:23:170:Infinity":3,"s:178:8:181:Infinity":11,"s:183:4:199:Infinity":12,"b:187:14:187:Infinity:188:14:188:Infinity":4,"b:197:15:197:Infinity:198:14:198:Infinity":5,"b:205:4:233:Infinity:undefined:undefined:undefined:undefined":6,"s:205:4:233:Infinity":13,"s:215:8:219:Infinity":14,"s:225:8:232:Infinity":15,"s:244:4:244:Infinity":16,"s:246:4:249:Infinity":17,"f:259:22:259:Infinity":3,"s:269:8:269:Infinity":18,"s:271:4:273:Infinity":19,"s:275:4:289:Infinity":20,"b:287:15:287:Infinity:288:14:288:Infinity":7,"s:291:4:291:Infinity":21,"s:293:4:298:Infinity":22,"f:311:22:311:Infinity":4,"s:321:8:321:Infinity":23,"s:324:8:326:Infinity":24,"b:328:4:335:Infinity:undefined:undefined:undefined:undefined":8,"s:328:4:335:Infinity":25,"s:329:8:334:Infinity":26,"s:340:4:344:Infinity":27,"s:346:4:351:Infinity":28},"fnNames":{}}}
,"C:\\Users\\samue\\CodeForge\\backend\\src\\dtos\\ExperienceDTO.ts": {"path":"C:\\Users\\samue\\CodeForge\\backend\\src\\dtos\\ExperienceDTO.ts","statementMap":{},"fnMap":{},"branchMap":{},"s":{},"f":{},"b":{},"meta":{"lastBranch":0,"lastFunction":0,"lastStatement":0,"seen":{},"fnNames":{}}}
,"C:\\Users\\samue\\CodeForge\\backend\\src\\dtos\\ProjectDTO.ts": {"path":"C:\\Users\\samue\\CodeForge\\backend\\src\\dtos\\ProjectDTO.ts","statementMap":{},"fnMap":{},"branchMap":{},"s":{},"f":{},"b":{},"meta":{"lastBranch":0,"lastFunction":0,"lastStatement":0,"seen":{},"fnNames":{}}}
,"C:\\Users\\samue\\CodeForge\\backend\\src\\errors\\AppError.ts": {"path":"C:\\Users\\samue\\CodeForge\\backend\\src\\errors\\AppError.ts","statementMap":{"0":{"start":{"line":11,"column":8},"end":{"line":11,"column":null}},"1":{"start":{"line":12,"column":8},"end":{"line":12,"column":null}},"2":{"start":{"line":13,"column":8},"end":{"line":13,"column":null}},"3":{"start":{"line":14,"column":8},"end":{"line":14,"column":null}},"4":{"start":{"line":20,"column":8},"end":{"line":20,"column":null}},"5":{"start":{"line":26,"column":8},"end":{"line":26,"column":null}},"6":{"start":{"line":32,"column":8},"end":{"line":32,"column":null}},"7":{"start":{"line":38,"column":8},"end":{"line":38,"column":null}},"8":{"start":{"line":44,"column":8},"end":{"line":44,"column":null}},"9":{"start":{"line":50,"column":8},"end":{"line":50,"column":null}}},"fnMap":{"0":{"name":"constructor","decl":{"start":{"line":10,"column":4},"end":{"line":10,"column":16}},"loc":{"start":{"line":10,"column":92},"end":{"line":15,"column":null}},"line":10},"1":{"name":"constructor_2","decl":{"start":{"line":19,"column":4},"end":{"line":19,"column":16}},"loc":{"start":{"line":19,"column":34},"end":{"line":21,"column":null}},"line":19},"2":{"name":"constructor_3","decl":{"start":{"line":25,"column":4},"end":{"line":25,"column":16}},"loc":{"start":{"line":25,"column":33},"end":{"line":27,"column":null}},"line":25},"3":{"name":"constructor_4","decl":{"start":{"line":31,"column":4},"end":{"line":31,"column":16}},"loc":{"start":{"line":31,"column":50},"end":{"line":33,"column":null}},"line":31},"4":{"name":"constructor_5","decl":{"start":{"line":37,"column":4},"end":{"line":37,"column":16}},"loc":{"start":{"line":37,"column":47},"end":{"line":39,"column":null}},"line":37},"5":{"name":"constructor_6","decl":{"start":{"line":43,"column":4},"end":{"line":43,"column":16}},"loc":{"start":{"line":43,"column":33},"end":{"line":45,"column":null}},"line":43},"6":{"name":"constructor_7","decl":{"start":{"line":49,"column":4},"end":{"line":49,"column":16}},"loc":{"start":{"line":49,"column":52},"end":{"line":51,"column":null}},"line":49}},"branchMap":{"0":{"loc":{"start":{"line":10,"column":33},"end":{"line":10,"column":59}},"type":"default-arg","locations":[{"start":{"line":10,"column":54},"end":{"line":10,"column":59}}],"line":10},"1":{"loc":{"start":{"line":10,"column":59},"end":{"line":10,"column":92}},"type":"default-arg","locations":[{"start":{"line":10,"column":74},"end":{"line":10,"column":92}}],"line":10},"2":{"loc":{"start":{"line":31,"column":16},"end":{"line":31,"column":50}},"type":"default-arg","locations":[{"start":{"line":31,"column":34},"end":{"line":31,"column":50}}],"line":31},"3":{"loc":{"start":{"line":37,"column":16},"end":{"line":37,"column":47}},"type":"default-arg","locations":[{"start":{"line":37,"column":34},"end":{"line":37,"column":47}}],"line":37},"4":{"loc":{"start":{"line":49,"column":16},"end":{"line":49,"column":52}},"type":"default-arg","locations":[{"start":{"line":49,"column":34},"end":{"line":49,"column":52}}],"line":49}},"s":{"0":7,"1":7,"2":7,"3":7,"4":2,"5":0,"6":5,"7":0,"8":0,"9":0},"f":{"0":7,"1":2,"2":0,"3":5,"4":0,"5":0,"6":0},"b":{"0":[7],"1":[7],"2":[5],"3":[0],"4":[0]},"meta":{"lastBranch":5,"lastFunction":7,"lastStatement":10,"seen":{"f:10:4:10:16":0,"b:10:54:10:59":0,"b:10:74:10:92":1,"s:11:8:11:Infinity":0,"s:12:8:12:Infinity":1,"s:13:8:13:Infinity":2,"s:14:8:14:Infinity":3,"f:19:4:19:16":1,"s:20:8:20:Infinity":4,"f:25:4:25:16":2,"s:26:8:26:Infinity":5,"f:31:4:31:16":3,"b:31:34:31:50":2,"s:32:8:32:Infinity":6,"f:37:4:37:16":4,"b:37:34:37:47":3,"s:38:8:38:Infinity":7,"f:43:4:43:16":5,"s:44:8:44:Infinity":8,"f:49:4:49:16":6,"b:49:34:49:52":4,"s:50:8:50:Infinity":9},"fnNames":{}}}
,"C:\\Users\\samue\\CodeForge\\backend\\src\\middlewares\\auth.ts": {"path":"C:\\Users\\samue\\CodeForge\\backend\\src\\middlewares\\auth.ts","statementMap":{"0":{"start":{"line":29,"column":10},"end":{"line":30,"column":null}},"1":{"start":{"line":33,"column":8},"end":{"line":33,"column":null}},"2":{"start":{"line":41,"column":4},"end":{"line":47,"column":null}},"3":{"start":{"line":42,"column":8},"end":{"line":44,"column":null}},"4":{"start":{"line":46,"column":8},"end":{"line":46,"column":null}},"5":{"start":{"line":49,"column":4},"end":{"line":67,"column":null}},"6":{"start":{"line":50,"column":24},"end":{"line":50,"column":null}},"7":{"start":{"line":51,"column":8},"end":{"line":57,"column":null}},"8":{"start":{"line":52,"column":12},"end":{"line":52,"column":null}},"9":{"start":{"line":53,"column":12},"end":{"line":56,"column":null}},"10":{"start":{"line":59,"column":8},"end":{"line":61,"column":null}},"11":{"start":{"line":63,"column":8},"end":{"line":66,"column":null}}},"fnMap":{"0":{"name":"authenticateAdmin","decl":{"start":{"line":25,"column":22},"end":{"line":25,"column":null}},"loc":{"start":{"line":28,"column":2},"end":{"line":68,"column":null}},"line":28}},"branchMap":{"0":{"loc":{"start":{"line":41,"column":4},"end":{"line":47,"column":null}},"type":"if","locations":[{"start":{"line":41,"column":4},"end":{"line":47,"column":null}},{"start":{},"end":{}}],"line":41},"1":{"loc":{"start":{"line":41,"column":8},"end":{"line":41,"column":37}},"type":"binary-expr","locations":[{"start":{"line":41,"column":8},"end":{"line":41,"column":25}},{"start":{"line":41,"column":25},"end":{"line":41,"column":37}}],"line":41},"2":{"loc":{"start":{"line":51,"column":8},"end":{"line":57,"column":null}},"type":"if","locations":[{"start":{"line":51,"column":8},"end":{"line":57,"column":null}},{"start":{},"end":{}}],"line":51}},"s":{"0":4,"1":4,"2":4,"3":0,"4":0,"5":4,"6":4,"7":1,"8":0,"9":0,"10":3,"11":3},"f":{"0":4},"b":{"0":[0,4],"1":[4,0],"2":[0,1]},"meta":{"lastBranch":3,"lastFunction":1,"lastStatement":12,"seen":{"f:25:22:25:Infinity":0,"s:29:10:30:Infinity":0,"s:33:8:33:Infinity":1,"b:41:4:47:Infinity:undefined:undefined:undefined:undefined":0,"s:41:4:47:Infinity":2,"b:41:8:41:25:41:25:41:37":1,"s:42:8:44:Infinity":3,"s:46:8:46:Infinity":4,"s:49:4:67:Infinity":5,"s:50:24:50:Infinity":6,"b:51:8:57:Infinity:undefined:undefined:undefined:undefined":2,"s:51:8:57:Infinity":7,"s:52:12:52:Infinity":8,"s:53:12:56:Infinity":9,"s:59:8:61:Infinity":10,"s:63:8:66:Infinity":11},"fnNames":{}}}
,"C:\\Users\\samue\\CodeForge\\backend\\src\\middlewares\\errorHandler.ts": {"path":"C:\\Users\\samue\\CodeForge\\backend\\src\\middlewares\\errorHandler.ts","statementMap":{"0":{"start":{"line":15,"column":4},"end":{"line":15,"column":null}},"1":{"start":{"line":17,"column":23},"end":{"line":17,"column":null}},"2":{"start":{"line":18,"column":10},"end":{"line":18,"column":null}},"3":{"start":{"line":21,"column":21},"end":{"line":31,"column":null}},"4":{"start":{"line":33,"column":4},"end":{"line":33,"column":null}}},"fnMap":{"0":{"name":"globalErrorHandler","decl":{"start":{"line":9,"column":16},"end":{"line":9,"column":null}},"loc":{"start":{"line":13,"column":2},"end":{"line":34,"column":null}},"line":13}},"branchMap":{"0":{"loc":{"start":{"line":17,"column":23},"end":{"line":17,"column":null}},"type":"binary-expr","locations":[{"start":{"line":17,"column":23},"end":{"line":17,"column":43}},{"start":{"line":17,"column":43},"end":{"line":17,"column":null}}],"line":17},"1":{"loc":{"start":{"line":24,"column":15},"end":{"line":24,"column":null}},"type":"cond-expr","locations":[{"start":{"line":24,"column":36},"end":{"line":24,"column":50}},{"start":{"line":24,"column":50},"end":{"line":24,"column":null}}],"line":24},"2":{"loc":{"start":{"line":26,"column":18},"end":{"line":28,"column":null}},"type":"cond-expr","locations":[{"start":{"line":27,"column":14},"end":{"line":27,"column":null}},{"start":{"line":28,"column":14},"end":{"line":28,"column":null}}],"line":26},"3":{"loc":{"start":{"line":26,"column":18},"end":{"line":26,"column":null}},"type":"binary-expr","locations":[{"start":{"line":26,"column":18},"end":{"line":26,"column":40}},{"start":{"line":26,"column":40},"end":{"line":26,"column":null}}],"line":26},"4":{"loc":{"start":{"line":30,"column":12},"end":{"line":30,"column":null}},"type":"cond-expr","locations":[{"start":{"line":30,"column":27},"end":{"line":30,"column":32}},{"start":{"line":30,"column":32},"end":{"line":30,"column":null}}],"line":30}},"s":{"0":0,"1":0,"2":0,"3":0,"4":0},"f":{"0":0},"b":{"0":[0,0],"1":[0,0],"2":[0,0],"3":[0,0],"4":[0,0]},"meta":{"lastBranch":5,"lastFunction":1,"lastStatement":5,"seen":{"f:9:16:9:Infinity":0,"s:15:4:15:Infinity":0,"s:17:23:17:Infinity":1,"b:17:23:17:43:17:43:17:Infinity":0,"s:18:10:18:Infinity":2,"s:21:21:31:Infinity":3,"b:24:36:24:50:24:50:24:Infinity":1,"b:27:14:27:Infinity:28:14:28:Infinity":2,"b:26:18:26:40:26:40:26:Infinity":3,"b:30:27:30:32:30:32:30:Infinity":4,"s:33:4:33:Infinity":4},"fnNames":{}}}
,"C:\\Users\\samue\\CodeForge\\backend\\src\\middlewares\\metrics.ts": {"path":"C:\\Users\\samue\\CodeForge\\backend\\src\\middlewares\\metrics.ts","statementMap":{"0":{"start":{"line":9,"column":23},"end":{"line":19,"column":null}},"1":{"start":{"line":21,"column":27},"end":{"line":35,"column":null}},"2":{"start":{"line":22,"column":4},"end":{"line":22,"column":null}},"3":{"start":{"line":24,"column":23},"end":{"line":24,"column":null}},"4":{"start":{"line":25,"column":4},"end":{"line":31,"column":null}},"5":{"start":{"line":25,"column":47},"end":{"line":25,"column":null}},"6":{"start":{"line":26,"column":9},"end":{"line":31,"column":null}},"7":{"start":{"line":26,"column":52},"end":{"line":26,"column":null}},"8":{"start":{"line":27,"column":9},"end":{"line":31,"column":null}},"9":{"start":{"line":27,"column":52},"end":{"line":27,"column":null}},"10":{"start":{"line":28,"column":9},"end":{"line":31,"column":null}},"11":{"start":{"line":29,"column":8},"end":{"line":29,"column":null}},"12":{"start":{"line":30,"column":8},"end":{"line":30,"column":null}},"13":{"start":{"line":33,"column":25},"end":{"line":33,"column":null}},"14":{"start":{"line":34,"column":4},"end":{"line":34,"column":null}},"15":{"start":{"line":37,"column":13},"end":{"line":49,"column":null}},"16":{"start":{"line":38,"column":23},"end":{"line":38,"column":null}},"17":{"start":{"line":42,"column":4},"end":{"line":48,"column":null}}},"fnMap":{"0":{"name":"(anonymous_0)","decl":{"start":{"line":21,"column":27},"end":{"line":21,"column":34}},"loc":{"start":{"line":21,"column":83},"end":{"line":35,"column":null}},"line":21},"1":{"name":"(anonymous_1)","decl":{"start":{"line":37,"column":13},"end":{"line":37,"column":32}},"loc":{"start":{"line":37,"column":32},"end":{"line":49,"column":null}},"line":37}},"branchMap":{"0":{"loc":{"start":{"line":25,"column":4},"end":{"line":31,"column":null}},"type":"if","locations":[{"start":{"line":25,"column":4},"end":{"line":31,"column":null}},{"start":{"line":26,"column":9},"end":{"line":31,"column":null}}],"line":25},"1":{"loc":{"start":{"line":25,"column":8},"end":{"line":25,"column":47}},"type":"binary-expr","locations":[{"start":{"line":25,"column":8},"end":{"line":25,"column":29}},{"start":{"line":25,"column":29},"end":{"line":25,"column":47}}],"line":25},"2":{"loc":{"start":{"line":26,"column":9},"end":{"line":31,"column":null}},"type":"if","locations":[{"start":{"line":26,"column":9},"end":{"line":31,"column":null}},{"start":{"line":27,"column":9},"end":{"line":31,"column":null}}],"line":26},"3":{"loc":{"start":{"line":26,"column":13},"end":{"line":26,"column":52}},"type":"binary-expr","locations":[{"start":{"line":26,"column":13},"end":{"line":26,"column":34}},{"start":{"line":26,"column":34},"end":{"line":26,"column":52}}],"line":26},"4":{"loc":{"start":{"line":27,"column":9},"end":{"line":31,"column":null}},"type":"if","locations":[{"start":{"line":27,"column":9},"end":{"line":31,"column":null}},{"start":{"line":28,"column":9},"end":{"line":31,"column":null}}],"line":27},"5":{"loc":{"start":{"line":27,"column":13},"end":{"line":27,"column":52}},"type":"binary-expr","locations":[{"start":{"line":27,"column":13},"end":{"line":27,"column":34}},{"start":{"line":27,"column":34},"end":{"line":27,"column":52}}],"line":27},"6":{"loc":{"start":{"line":28,"column":9},"end":{"line":31,"column":null}},"type":"if","locations":[{"start":{"line":28,"column":9},"end":{"line":31,"column":null}},{"start":{},"end":{}}],"line":28},"7":{"loc":{"start":{"line":38,"column":23},"end":{"line":38,"column":null}},"type":"cond-expr","locations":[{"start":{"line":38,"column":51},"end":{"line":38,"column":98}},{"start":{"line":38,"column":98},"end":{"line":38,"column":null}}],"line":38},"8":{"loc":{"start":{"line":47,"column":23},"end":{"line":47,"column":null}},"type":"cond-expr","locations":[{"start":{"line":47,"column":62},"end":{"line":47,"column":76}},{"start":{"line":47,"column":76},"end":{"line":47,"column":null}}],"line":47}},"s":{"0":3,"1":3,"2":15,"3":15,"4":15,"5":4,"6":11,"7":0,"8":11,"9":11,"10":0,"11":0,"12":0,"13":15,"14":15,"15":3,"16":0,"17":0},"f":{"0":15,"1":0},"b":{"0":[4,11],"1":[15,15],"2":[0,11],"3":[11,11],"4":[11,0],"5":[11,11],"6":[0,0],"7":[0,0],"8":[0,0]},"meta":{"lastBranch":9,"lastFunction":2,"lastStatement":18,"seen":{"s:9:23:19:Infinity":0,"s:21:27:35:Infinity":1,"f:21:27:21:34":0,"s:22:4:22:Infinity":2,"s:24:23:24:Infinity":3,"b:25:4:31:Infinity:26:9:31:Infinity":0,"s:25:4:31:Infinity":4,"b:25:8:25:29:25:29:25:47":1,"s:25:47:25:Infinity":5,"b:26:9:31:Infinity:27:9:31:Infinity":2,"s:26:9:31:Infinity":6,"b:26:13:26:34:26:34:26:52":3,"s:26:52:26:Infinity":7,"b:27:9:31:Infinity:28:9:31:Infinity":4,"s:27:9:31:Infinity":8,"b:27:13:27:34:27:34:27:52":5,"s:27:52:27:Infinity":9,"b:28:9:31:Infinity:undefined:undefined:undefined:undefined":6,"s:28:9:31:Infinity":10,"s:29:8:29:Infinity":11,"s:30:8:30:Infinity":12,"s:33:25:33:Infinity":13,"s:34:4:34:Infinity":14,"s:37:13:49:Infinity":15,"f:37:13:37:32":1,"s:38:23:38:Infinity":16,"b:38:51:38:98:38:98:38:Infinity":7,"s:42:4:48:Infinity":17,"b:47:62:47:76:47:76:47:Infinity":8},"fnNames":{}}}
,"C:\\Users\\samue\\CodeForge\\backend\\src\\repositories\\AdminRepository.ts": {"path":"C:\\Users\\samue\\CodeForge\\backend\\src\\repositories\\AdminRepository.ts","statementMap":{"0":{"start":{"line":10,"column":8},"end":{"line":10,"column":null}},"1":{"start":{"line":14,"column":8},"end":{"line":14,"column":null}},"2":{"start":{"line":18,"column":31},"end":{"line":18,"column":null}}},"fnMap":{"0":{"name":"findByUsername","decl":{"start":{"line":9,"column":10},"end":{"line":9,"column":25}},"loc":{"start":{"line":9,"column":43},"end":{"line":11,"column":null}},"line":9},"1":{"name":"findById","decl":{"start":{"line":13,"column":10},"end":{"line":13,"column":19}},"loc":{"start":{"line":13,"column":31},"end":{"line":15,"column":null}},"line":13}},"branchMap":{},"s":{"0":6,"1":0,"2":3},"f":{"0":6,"1":0},"b":{},"meta":{"lastBranch":0,"lastFunction":2,"lastStatement":3,"seen":{"f:9:10:9:25":0,"s:10:8:10:Infinity":0,"f:13:10:13:19":1,"s:14:8:14:Infinity":1,"s:18:31:18:Infinity":2},"fnNames":{}}}
,"C:\\Users\\samue\\CodeForge\\backend\\src\\repositories\\ExperienceRepository.ts": {"path":"C:\\Users\\samue\\CodeForge\\backend\\src\\repositories\\ExperienceRepository.ts","statementMap":{"0":{"start":{"line":12,"column":25},"end":{"line":12,"column":null}},"1":{"start":{"line":13,"column":14},"end":{"line":13,"column":null}},"2":{"start":{"line":14,"column":8},"end":{"line":18,"column":null}},"3":{"start":{"line":15,"column":12},"end":{"line":15,"column":null}},"4":{"start":{"line":17,"column":12},"end":{"line":17,"column":null}},"5":{"start":{"line":22,"column":8},"end":{"line":28,"column":null}},"6":{"start":{"line":23,"column":30},"end":{"line":23,"column":null}},"7":{"start":{"line":24,"column":26},"end":{"line":24,"column":null}},"8":{"start":{"line":25,"column":12},"end":{"line":25,"column":null}},"9":{"start":{"line":27,"column":12},"end":{"line":27,"column":null}},"10":{"start":{"line":32,"column":8},"end":{"line":37,"column":null}},"11":{"start":{"line":33,"column":31},"end":{"line":33,"column":null}},"12":{"start":{"line":34,"column":12},"end":{"line":34,"column":null}},"13":{"start":{"line":36,"column":12},"end":{"line":36,"column":null}},"14":{"start":{"line":41,"column":8},"end":{"line":47,"column":null}},"15":{"start":{"line":42,"column":30},"end":{"line":42,"column":null}},"16":{"start":{"line":43,"column":26},"end":{"line":43,"column":null}},"17":{"start":{"line":44,"column":12},"end":{"line":44,"column":null}},"18":{"start":{"line":46,"column":12},"end":{"line":46,"column":null}},"19":{"start":{"line":51,"column":8},"end":{"line":57,"column":null}},"20":{"start":{"line":52,"column":30},"end":{"line":52,"column":null}},"21":{"start":{"line":53,"column":26},"end":{"line":53,"column":null}},"22":{"start":{"line":54,"column":12},"end":{"line":54,"column":null}},"23":{"start":{"line":56,"column":12},"end":{"line":56,"column":null}}},"fnMap":{"0":{"name":"findAll","decl":{"start":{"line":11,"column":10},"end":{"line":11,"column":18}},"loc":{"start":{"line":11,"column":56},"end":{"line":19,"column":null}},"line":11},"1":{"name":"findById","decl":{"start":{"line":21,"column":10},"end":{"line":21,"column":19}},"loc":{"start":{"line":21,"column":31},"end":{"line":29,"column":null}},"line":21},"2":{"name":"create","decl":{"start":{"line":31,"column":10},"end":{"line":31,"column":17}},"loc":{"start":{"line":31,"column":44},"end":{"line":38,"column":null}},"line":31},"3":{"name":"update","decl":{"start":{"line":40,"column":10},"end":{"line":40,"column":17}},"loc":{"start":{"line":40,"column":56},"end":{"line":48,"column":null}},"line":40},"4":{"name":"delete","decl":{"start":{"line":50,"column":10},"end":{"line":50,"column":17}},"loc":{"start":{"line":50,"column":29},"end":{"line":58,"column":null}},"line":50}},"branchMap":{"0":{"loc":{"start":{"line":11,"column":18},"end":{"line":11,"column":36}},"type":"default-arg","locations":[{"start":{"line":11,"column":33},"end":{"line":11,"column":36}}],"line":11},"1":{"loc":{"start":{"line":11,"column":36},"end":{"line":11,"column":56}},"type":"default-arg","locations":[{"start":{"line":11,"column":52},"end":{"line":11,"column":56}}],"line":11},"2":{"loc":{"start":{"line":24,"column":26},"end":{"line":24,"column":null}},"type":"cond-expr","locations":[{"start":{"line":24,"column":38},"end":{"line":24,"column":52}},{"start":{"line":24,"column":52},"end":{"line":24,"column":null}}],"line":24},"3":{"loc":{"start":{"line":43,"column":26},"end":{"line":43,"column":null}},"type":"cond-expr","locations":[{"start":{"line":43,"column":38},"end":{"line":43,"column":52}},{"start":{"line":43,"column":52},"end":{"line":43,"column":null}}],"line":43},"4":{"loc":{"start":{"line":53,"column":26},"end":{"line":53,"column":null}},"type":"cond-expr","locations":[{"start":{"line":53,"column":38},"end":{"line":53,"column":52}},{"start":{"line":53,"column":52},"end":{"line":53,"column":null}}],"line":53}},"s":{"0":1,"1":1,"2":1,"3":1,"4":0,"5":0,"6":0,"7":0,"8":0,"9":0,"10":0,"11":0,"12":0,"13":0,"14":0,"15":0,"16":0,"17":0,"18":0,"19":0,"20":0,"21":0,"22":0,"23":0},"f":{"0":1,"1":0,"2":0,"3":0,"4":0},"b":{"0":[1],"1":[1],"2":[0,0],"3":[0,0],"4":[0,0]},"meta":{"lastBranch":5,"lastFunction":5,"lastStatement":24,"seen":{"f:11:10:11:18":0,"b:11:33:11:36":0,"b:11:52:11:56":1,"s:12:25:12:Infinity":0,"s:13:14:13:Infinity":1,"s:14:8:18:Infinity":2,"s:15:12:15:Infinity":3,"s:17:12:17:Infinity":4,"f:21:10:21:19":1,"s:22:8:28:Infinity":5,"s:23:30:23:Infinity":6,"s:24:26:24:Infinity":7,"b:24:38:24:52:24:52:24:Infinity":2,"s:25:12:25:Infinity":8,"s:27:12:27:Infinity":9,"f:31:10:31:17":2,"s:32:8:37:Infinity":10,"s:33:31:33:Infinity":11,"s:34:12:34:Infinity":12,"s:36:12:36:Infinity":13,"f:40:10:40:17":3,"s:41:8:47:Infinity":14,"s:42:30:42:Infinity":15,"s:43:26:43:Infinity":16,"b:43:38:43:52:43:52:43:Infinity":3,"s:44:12:44:Infinity":17,"s:46:12:46:Infinity":18,"f:50:10:50:17":4,"s:51:8:57:Infinity":19,"s:52:30:52:Infinity":20,"s:53:26:53:Infinity":21,"b:53:38:53:52:53:52:53:Infinity":4,"s:54:12:54:Infinity":22,"s:56:12:56:Infinity":23},"fnNames":{}}}
,"C:\\Users\\samue\\CodeForge\\backend\\src\\repositories\\ProjectRepository.ts": {"path":"C:\\Users\\samue\\CodeForge\\backend\\src\\repositories\\ProjectRepository.ts","statementMap":{"0":{"start":{"line":12,"column":25},"end":{"line":12,"column":null}},"1":{"start":{"line":13,"column":14},"end":{"line":13,"column":null}},"2":{"start":{"line":14,"column":8},"end":{"line":23,"column":null}},"3":{"start":{"line":15,"column":12},"end":{"line":20,"column":null}},"4":{"start":{"line":22,"column":12},"end":{"line":22,"column":null}},"5":{"start":{"line":27,"column":8},"end":{"line":33,"column":null}},"6":{"start":{"line":28,"column":30},"end":{"line":28,"column":null}},"7":{"start":{"line":29,"column":26},"end":{"line":29,"column":null}},"8":{"start":{"line":30,"column":12},"end":{"line":30,"column":null}},"9":{"start":{"line":32,"column":12},"end":{"line":32,"column":null}},"10":{"start":{"line":37,"column":8},"end":{"line":43,"column":null}},"11":{"start":{"line":38,"column":28},"end":{"line":38,"column":null}},"12":{"start":{"line":39,"column":12},"end":{"line":39,"column":null}},"13":{"start":{"line":40,"column":12},"end":{"line":40,"column":null}},"14":{"start":{"line":42,"column":12},"end":{"line":42,"column":null}},"15":{"start":{"line":47,"column":8},"end":{"line":53,"column":null}},"16":{"start":{"line":48,"column":30},"end":{"line":48,"column":null}},"17":{"start":{"line":49,"column":26},"end":{"line":49,"column":null}},"18":{"start":{"line":50,"column":12},"end":{"line":50,"column":null}},"19":{"start":{"line":52,"column":12},"end":{"line":52,"column":null}},"20":{"start":{"line":57,"column":8},"end":{"line":63,"column":null}},"21":{"start":{"line":58,"column":30},"end":{"line":58,"column":null}},"22":{"start":{"line":59,"column":26},"end":{"line":59,"column":null}},"23":{"start":{"line":60,"column":12},"end":{"line":60,"column":null}},"24":{"start":{"line":62,"column":12},"end":{"line":62,"column":null}}},"fnMap":{"0":{"name":"findAll","decl":{"start":{"line":11,"column":10},"end":{"line":11,"column":18}},"loc":{"start":{"line":11,"column":56},"end":{"line":24,"column":null}},"line":11},"1":{"name":"findById","decl":{"start":{"line":26,"column":10},"end":{"line":26,"column":19}},"loc":{"start":{"line":26,"column":31},"end":{"line":34,"column":null}},"line":26},"2":{"name":"create","decl":{"start":{"line":36,"column":10},"end":{"line":36,"column":17}},"loc":{"start":{"line":36,"column":41},"end":{"line":44,"column":null}},"line":36},"3":{"name":"update","decl":{"start":{"line":46,"column":10},"end":{"line":46,"column":17}},"loc":{"start":{"line":46,"column":53},"end":{"line":54,"column":null}},"line":46},"4":{"name":"delete","decl":{"start":{"line":56,"column":10},"end":{"line":56,"column":17}},"loc":{"start":{"line":56,"column":29},"end":{"line":64,"column":null}},"line":56}},"branchMap":{"0":{"loc":{"start":{"line":11,"column":18},"end":{"line":11,"column":36}},"type":"default-arg","locations":[{"start":{"line":11,"column":33},"end":{"line":11,"column":36}}],"line":11},"1":{"loc":{"start":{"line":11,"column":36},"end":{"line":11,"column":56}},"type":"default-arg","locations":[{"start":{"line":11,"column":52},"end":{"line":11,"column":56}}],"line":11},"2":{"loc":{"start":{"line":29,"column":26},"end":{"line":29,"column":null}},"type":"cond-expr","locations":[{"start":{"line":29,"column":38},"end":{"line":29,"column":52}},{"start":{"line":29,"column":52},"end":{"line":29,"column":null}}],"line":29},"3":{"loc":{"start":{"line":49,"column":26},"end":{"line":49,"column":null}},"type":"cond-expr","locations":[{"start":{"line":49,"column":38},"end":{"line":49,"column":52}},{"start":{"line":49,"column":52},"end":{"line":49,"column":null}}],"line":49},"4":{"loc":{"start":{"line":59,"column":26},"end":{"line":59,"column":null}},"type":"cond-expr","locations":[{"start":{"line":59,"column":38},"end":{"line":59,"column":52}},{"start":{"line":59,"column":52},"end":{"line":59,"column":null}}],"line":59}},"s":{"0":1,"1":1,"2":1,"3":1,"4":0,"5":3,"6":3,"7":3,"8":3,"9":0,"10":4,"11":4,"12":4,"13":4,"14":0,"15":1,"16":1,"17":1,"18":1,"19":0,"20":1,"21":1,"22":1,"23":1,"24":0},"f":{"0":1,"1":3,"2":4,"3":1,"4":1},"b":{"0":[1],"1":[1],"2":[3,0],"3":[1,0],"4":[1,0]},"meta":{"lastBranch":5,"lastFunction":5,"lastStatement":25,"seen":{"f:11:10:11:18":0,"b:11:33:11:36":0,"b:11:52:11:56":1,"s:12:25:12:Infinity":0,"s:13:14:13:Infinity":1,"s:14:8:23:Infinity":2,"s:15:12:20:Infinity":3,"s:22:12:22:Infinity":4,"f:26:10:26:19":1,"s:27:8:33:Infinity":5,"s:28:30:28:Infinity":6,"s:29:26:29:Infinity":7,"b:29:38:29:52:29:52:29:Infinity":2,"s:30:12:30:Infinity":8,"s:32:12:32:Infinity":9,"f:36:10:36:17":2,"s:37:8:43:Infinity":10,"s:38:28:38:Infinity":11,"s:39:12:39:Infinity":12,"s:40:12:40:Infinity":13,"s:42:12:42:Infinity":14,"f:46:10:46:17":3,"s:47:8:53:Infinity":15,"s:48:30:48:Infinity":16,"s:49:26:49:Infinity":17,"b:49:38:49:52:49:52:49:Infinity":3,"s:50:12:50:Infinity":18,"s:52:12:52:Infinity":19,"f:56:10:56:17":4,"s:57:8:63:Infinity":20,"s:58:30:58:Infinity":21,"s:59:26:59:Infinity":22,"b:59:38:59:52:59:52:59:Infinity":4,"s:60:12:60:Infinity":23,"s:62:12:62:Infinity":24},"fnNames":{}}}
,"C:\\Users\\samue\\CodeForge\\backend\\src\\routes\\authRoutes.ts": {"path":"C:\\Users\\samue\\CodeForge\\backend\\src\\routes\\authRoutes.ts","statementMap":{"0":{"start":{"line":10,"column":4},"end":{"line":32,"column":null}},"1":{"start":{"line":11,"column":39},"end":{"line":11,"column":null}},"2":{"start":{"line":13,"column":8},"end":{"line":15,"column":null}},"3":{"start":{"line":14,"column":12},"end":{"line":14,"column":null}},"4":{"start":{"line":17,"column":22},"end":{"line":17,"column":null}},"5":{"start":{"line":18,"column":22},"end":{"line":18,"column":null}},"6":{"start":{"line":20,"column":8},"end":{"line":26,"column":null}},"7":{"start":{"line":28,"column":8},"end":{"line":31,"column":null}},"8":{"start":{"line":34,"column":4},"end":{"line":43,"column":null}},"9":{"start":{"line":35,"column":8},"end":{"line":40,"column":null}},"10":{"start":{"line":42,"column":8},"end":{"line":42,"column":null}}},"fnMap":{"0":{"name":"authRoutes","decl":{"start":{"line":9,"column":30},"end":{"line":9,"column":41}},"loc":{"start":{"line":9,"column":67},"end":{"line":44,"column":null}},"line":9},"1":{"name":"(anonymous_1)","decl":{"start":{"line":10,"column":142},"end":{"line":10,"column":149}},"loc":{"start":{"line":10,"column":168},"end":{"line":32,"column":5}},"line":10},"2":{"name":"(anonymous_2)","decl":{"start":{"line":34,"column":28},"end":{"line":34,"column":35}},"loc":{"start":{"line":34,"column":54},"end":{"line":43,"column":5}},"line":34}},"branchMap":{"0":{"loc":{"start":{"line":13,"column":8},"end":{"line":15,"column":null}},"type":"if","locations":[{"start":{"line":13,"column":8},"end":{"line":15,"column":null}},{"start":{},"end":{}}],"line":13},"1":{"loc":{"start":{"line":13,"column":12},"end":{"line":13,"column":36}},"type":"binary-expr","locations":[{"start":{"line":13,"column":12},"end":{"line":13,"column":25}},{"start":{"line":13,"column":25},"end":{"line":13,"column":36}}],"line":13}},"s":{"0":3,"1":6,"2":6,"3":0,"4":6,"5":1,"6":1,"7":1,"8":3,"9":0,"10":0},"f":{"0":3,"1":6,"2":0},"b":{"0":[0,6],"1":[6,6]},"meta":{"lastBranch":2,"lastFunction":3,"lastStatement":11,"seen":{"f:9:30:9:41":0,"s:10:4:32:Infinity":0,"f:10:142:10:149":1,"s:11:39:11:Infinity":1,"b:13:8:15:Infinity:undefined:undefined:undefined:undefined":0,"s:13:8:15:Infinity":2,"b:13:12:13:25:13:25:13:36":1,"s:14:12:14:Infinity":3,"s:17:22:17:Infinity":4,"s:18:22:18:Infinity":5,"s:20:8:26:Infinity":6,"s:28:8:31:Infinity":7,"s:34:4:43:Infinity":8,"f:34:28:34:35":2,"s:35:8:40:Infinity":9,"s:42:8:42:Infinity":10},"fnNames":{}}}
,"C:\\Users\\samue\\CodeForge\\backend\\src\\routes\\experienceRoutes.ts": {"path":"C:\\Users\\samue\\CodeForge\\backend\\src\\routes\\experienceRoutes.ts","statementMap":{"0":{"start":{"line":29,"column":32},"end":{"line":29,"column":null}},"1":{"start":{"line":41,"column":18},"end":{"line":43,"column":null}},"2":{"start":{"line":45,"column":4},"end":{"line":49,"column":null}},"3":{"start":{"line":46,"column":8},"end":{"line":48,"column":null}},"4":{"start":{"line":51,"column":4},"end":{"line":54,"column":null}},"5":{"start":{"line":60,"column":28},"end":{"line":64,"column":null}},"6":{"start":{"line":79,"column":4},"end":{"line":82,"column":null}},"7":{"start":{"line":88,"column":35},"end":{"line":160,"column":null}},"8":{"start":{"line":162,"column":4},"end":{"line":171,"column":null}},"9":{"start":{"line":177,"column":35},"end":{"line":243,"column":null}},"10":{"start":{"line":245,"column":4},"end":{"line":255,"column":null}},"11":{"start":{"line":263,"column":4},"end":{"line":402,"column":null}},"12":{"start":{"line":293,"column":29},"end":{"line":293,"column":null}},"13":{"start":{"line":294,"column":30},"end":{"line":294,"column":null}},"14":{"start":{"line":296,"column":30},"end":{"line":296,"column":null}},"15":{"start":{"line":297,"column":26},"end":{"line":297,"column":null}},"16":{"start":{"line":298,"column":31},"end":{"line":298,"column":null}},"17":{"start":{"line":300,"column":12},"end":{"line":305,"column":null}},"18":{"start":{"line":301,"column":16},"end":{"line":304,"column":null}},"19":{"start":{"line":310,"column":12},"end":{"line":325,"column":null}},"20":{"start":{"line":311,"column":16},"end":{"line":311,"column":null}},"21":{"start":{"line":312,"column":16},"end":{"line":312,"column":null}},"22":{"start":{"line":313,"column":16},"end":{"line":313,"column":null}},"23":{"start":{"line":314,"column":16},"end":{"line":314,"column":null}},"24":{"start":{"line":316,"column":16},"end":{"line":316,"column":null}},"25":{"start":{"line":318,"column":16},"end":{"line":324,"column":null}},"26":{"start":{"line":327,"column":12},"end":{"line":400,"column":null}},"27":{"start":{"line":328,"column":49},"end":{"line":328,"column":null}},"28":{"start":{"line":330,"column":16},"end":{"line":336,"column":null}},"29":{"start":{"line":331,"column":20},"end":{"line":335,"column":null}},"30":{"start":{"line":338,"column":36},"end":{"line":338,"column":null}},"31":{"start":{"line":340,"column":16},"end":{"line":345,"column":null}},"32":{"start":{"line":341,"column":20},"end":{"line":344,"column":null}},"33":{"start":{"line":351,"column":38},"end":{"line":351,"column":null}},"34":{"start":{"line":353,"column":16},"end":{"line":359,"column":null}},"35":{"start":{"line":354,"column":20},"end":{"line":358,"column":null}},"36":{"start":{"line":361,"column":16},"end":{"line":361,"column":null}},"37":{"start":{"line":362,"column":16},"end":{"line":362,"column":null}},"38":{"start":{"line":363,"column":16},"end":{"line":368,"column":null}},"39":{"start":{"line":374,"column":16},"end":{"line":374,"column":null}},"40":{"start":{"line":376,"column":16},"end":{"line":376,"column":null}},"41":{"start":{"line":378,"column":16},"end":{"line":386,"column":null}},"42":{"start":{"line":388,"column":16},"end":{"line":391,"column":null}},"43":{"start":{"line":393,"column":16},"end":{"line":399,"column":null}},"44":{"start":{"line":410,"column":4},"end":{"line":445,"column":null}},"45":{"start":{"line":415,"column":29},"end":{"line":415,"column":null}},"46":{"start":{"line":417,"column":30},"end":{"line":417,"column":null}},"47":{"start":{"line":418,"column":26},"end":{"line":418,"column":null}},"48":{"start":{"line":419,"column":31},"end":{"line":421,"column":null}},"49":{"start":{"line":423,"column":12},"end":{"line":428,"column":null}},"50":{"start":{"line":424,"column":16},"end":{"line":427,"column":null}},"51":{"start":{"line":430,"column":12},"end":{"line":435,"column":null}},"52":{"start":{"line":431,"column":16},"end":{"line":434,"column":null}},"53":{"start":{"line":437,"column":12},"end":{"line":437,"column":null}},"54":{"start":{"line":438,"column":12},"end":{"line":441,"column":null}},"55":{"start":{"line":443,"column":12},"end":{"line":443,"column":null}},"56":{"start":{"line":451,"column":4},"end":{"line":459,"column":null}}},"fnMap":{"0":{"name":"parseDataUri","decl":{"start":{"line":37,"column":9},"end":{"line":37,"column":22}},"loc":{"start":{"line":40,"column":2},"end":{"line":55,"column":null}},"line":40},"1":{"name":"experienceRoutes","decl":{"start":{"line":72,"column":30},"end":{"line":72,"column":null}},"loc":{"start":{"line":74,"column":2},"end":{"line":460,"column":null}},"line":74},"2":{"name":"(anonymous_2)","decl":{"start":{"line":292,"column":8},"end":{"line":292,"column":15}},"loc":{"start":{"line":292,"column":34},"end":{"line":401,"column":null}},"line":292},"3":{"name":"(anonymous_3)","decl":{"start":{"line":414,"column":8},"end":{"line":414,"column":15}},"loc":{"start":{"line":414,"column":34},"end":{"line":444,"column":null}},"line":414}},"branchMap":{"0":{"loc":{"start":{"line":45,"column":4},"end":{"line":49,"column":null}},"type":"if","locations":[{"start":{"line":45,"column":4},"end":{"line":49,"column":null}},{"start":{},"end":{}}],"line":45},"1":{"loc":{"start":{"line":297,"column":26},"end":{"line":297,"column":null}},"type":"cond-expr","locations":[{"start":{"line":297,"column":38},"end":{"line":297,"column":54}},{"start":{"line":297,"column":54},"end":{"line":297,"column":null}}],"line":297},"2":{"loc":{"start":{"line":300,"column":12},"end":{"line":305,"column":null}},"type":"if","locations":[{"start":{"line":300,"column":12},"end":{"line":305,"column":null}},{"start":{},"end":{}}],"line":300},"3":{"loc":{"start":{"line":310,"column":12},"end":{"line":325,"column":null}},"type":"if","locations":[{"start":{"line":310,"column":12},"end":{"line":325,"column":null}},{"start":{},"end":{}}],"line":310},"4":{"loc":{"start":{"line":330,"column":16},"end":{"line":336,"column":null}},"type":"if","locations":[{"start":{"line":330,"column":16},"end":{"line":336,"column":null}},{"start":{},"end":{}}],"line":330},"5":{"loc":{"start":{"line":340,"column":16},"end":{"line":345,"column":null}},"type":"if","locations":[{"start":{"line":340,"column":16},"end":{"line":345,"column":null}},{"start":{},"end":{}}],"line":340},"6":{"loc":{"start":{"line":353,"column":16},"end":{"line":359,"column":null}},"type":"if","locations":[{"start":{"line":353,"column":16},"end":{"line":359,"column":null}},{"start":{},"end":{}}],"line":353},"7":{"loc":{"start":{"line":364,"column":20},"end":{"line":368,"column":null}},"type":"cond-expr","locations":[{"start":{"line":365,"column":26},"end":{"line":365,"column":null}},{"start":{"line":366,"column":26},"end":{"line":368,"column":null}}],"line":364},"8":{"loc":{"start":{"line":366,"column":26},"end":{"line":368,"column":null}},"type":"cond-expr","locations":[{"start":{"line":367,"column":30},"end":{"line":367,"column":null}},{"start":{"line":368,"column":30},"end":{"line":368,"column":null}}],"line":366},"9":{"loc":{"start":{"line":396,"column":24},"end":{"line":398,"column":null}},"type":"cond-expr","locations":[{"start":{"line":397,"column":30},"end":{"line":397,"column":null}},{"start":{"line":398,"column":30},"end":{"line":398,"column":null}}],"line":396},"10":{"loc":{"start":{"line":418,"column":26},"end":{"line":418,"column":null}},"type":"cond-expr","locations":[{"start":{"line":418,"column":38},"end":{"line":418,"column":54}},{"start":{"line":418,"column":54},"end":{"line":418,"column":null}}],"line":418},"11":{"loc":{"start":{"line":423,"column":12},"end":{"line":428,"column":null}},"type":"if","locations":[{"start":{"line":423,"column":12},"end":{"line":428,"column":null}},{"start":{},"end":{}}],"line":423},"12":{"loc":{"start":{"line":430,"column":12},"end":{"line":435,"column":null}},"type":"if","locations":[{"start":{"line":430,"column":12},"end":{"line":435,"column":null}},{"start":{},"end":{}}],"line":430},"13":{"loc":{"start":{"line":430,"column":16},"end":{"line":430,"column":68}},"type":"binary-expr","locations":[{"start":{"line":430,"column":16},"end":{"line":430,"column":41}},{"start":{"line":430,"column":41},"end":{"line":430,"column":68}}],"line":430}},"s":{"0":3,"1":0,"2":0,"3":0,"4":0,"5":3,"6":3,"7":3,"8":3,"9":3,"10":3,"11":3,"12":0,"13":0,"14":0,"15":0,"16":0,"17":0,"18":0,"19":0,"20":0,"21":0,"22":0,"23":0,"24":0,"25":0,"26":0,"27":0,"28":0,"29":0,"30":0,"31":0,"32":0,"33":0,"34":0,"35":0,"36":0,"37":0,"38":0,"39":0,"40":0,"41":0,"42":0,"43":0,"44":3,"45":0,"46":0,"47":0,"48":0,"49":0,"50":0,"51":0,"52":0,"53":0,"54":0,"55":0,"56":3},"f":{"0":0,"1":3,"2":0,"3":0},"b":{"0":[0,0],"1":[0,0],"2":[0,0],"3":[0,0],"4":[0,0],"5":[0,0],"6":[0,0],"7":[0,0],"8":[0,0],"9":[0,0],"10":[0,0],"11":[0,0],"12":[0,0],"13":[0,0]},"meta":{"lastBranch":14,"lastFunction":4,"lastStatement":57,"seen":{"s:29:32:29:Infinity":0,"f:37:9:37:22":0,"s:41:18:43:Infinity":1,"b:45:4:49:Infinity:undefined:undefined:undefined:undefined":0,"s:45:4:49:Infinity":2,"s:46:8:48:Infinity":3,"s:51:4:54:Infinity":4,"s:60:28:64:Infinity":5,"f:72:30:72:Infinity":1,"s:79:4:82:Infinity":6,"s:88:35:160:Infinity":7,"s:162:4:171:Infinity":8,"s:177:35:243:Infinity":9,"s:245:4:255:Infinity":10,"s:263:4:402:Infinity":11,"f:292:8:292:15":2,"s:293:29:293:Infinity":12,"s:294:30:294:Infinity":13,"s:296:30:296:Infinity":14,"s:297:26:297:Infinity":15,"b:297:38:297:54:297:54:297:Infinity":1,"s:298:31:298:Infinity":16,"b:300:12:305:Infinity:undefined:undefined:undefined:undefined":2,"s:300:12:305:Infinity":17,"s:301:16:304:Infinity":18,"b:310:12:325:Infinity:undefined:undefined:undefined:undefined":3,"s:310:12:325:Infinity":19,"s:311:16:311:Infinity":20,"s:312:16:312:Infinity":21,"s:313:16:313:Infinity":22,"s:314:16:314:Infinity":23,"s:316:16:316:Infinity":24,"s:318:16:324:Infinity":25,"s:327:12:400:Infinity":26,"s:328:49:328:Infinity":27,"b:330:16:336:Infinity:undefined:undefined:undefined:undefined":4,"s:330:16:336:Infinity":28,"s:331:20:335:Infinity":29,"s:338:36:338:Infinity":30,"b:340:16:345:Infinity:undefined:undefined:undefined:undefined":5,"s:340:16:345:Infinity":31,"s:341:20:344:Infinity":32,"s:351:38:351:Infinity":33,"b:353:16:359:Infinity:undefined:undefined:undefined:undefined":6,"s:353:16:359:Infinity":34,"s:354:20:358:Infinity":35,"s:361:16:361:Infinity":36,"s:362:16:362:Infinity":37,"s:363:16:368:Infinity":38,"b:365:26:365:Infinity:366:26:368:Infinity":7,"b:367:30:367:Infinity:368:30:368:Infinity":8,"s:374:16:374:Infinity":39,"s:376:16:376:Infinity":40,"s:378:16:386:Infinity":41,"s:388:16:391:Infinity":42,"s:393:16:399:Infinity":43,"b:397:30:397:Infinity:398:30:398:Infinity":9,"s:410:4:445:Infinity":44,"f:414:8:414:15":3,"s:415:29:415:Infinity":45,"s:417:30:417:Infinity":46,"s:418:26:418:Infinity":47,"b:418:38:418:54:418:54:418:Infinity":10,"s:419:31:421:Infinity":48,"b:423:12:428:Infinity:undefined:undefined:undefined:undefined":11,"s:423:12:428:Infinity":49,"s:424:16:427:Infinity":50,"b:430:12:435:Infinity:undefined:undefined:undefined:undefined":12,"s:430:12:435:Infinity":51,"b:430:16:430:41:430:41:430:68":13,"s:431:16:434:Infinity":52,"s:437:12:437:Infinity":53,"s:438:12:441:Infinity":54,"s:443:12:443:Infinity":55,"s:451:4:459:Infinity":56},"fnNames":{}}}
,"C:\\Users\\samue\\CodeForge\\backend\\src\\routes\\health.ts": {"path":"C:\\Users\\samue\\CodeForge\\backend\\src\\routes\\health.ts","statementMap":{"0":{"start":{"line":10,"column":4},"end":{"line":37,"column":null}},"1":{"start":{"line":11,"column":22},"end":{"line":11,"column":null}},"2":{"start":{"line":12,"column":23},"end":{"line":12,"column":null}},"3":{"start":{"line":14,"column":8},"end":{"line":23,"column":null}},"4":{"start":{"line":16,"column":12},"end":{"line":19,"column":null}},"5":{"start":{"line":17,"column":16},"end":{"line":17,"column":null}},"6":{"start":{"line":18,"column":16},"end":{"line":18,"column":null}},"7":{"start":{"line":21,"column":12},"end":{"line":21,"column":null}},"8":{"start":{"line":22,"column":12},"end":{"line":22,"column":null}},"9":{"start":{"line":25,"column":26},"end":{"line":25,"column":null}},"10":{"start":{"line":27,"column":8},"end":{"line":36,"column":null}}},"fnMap":{"0":{"name":"healthRoutes","decl":{"start":{"line":9,"column":30},"end":{"line":9,"column":43}},"loc":{"start":{"line":9,"column":69},"end":{"line":38,"column":null}},"line":9},"1":{"name":"(anonymous_1)","decl":{"start":{"line":10,"column":21},"end":{"line":10,"column":28}},"loc":{"start":{"line":10,"column":47},"end":{"line":37,"column":5}},"line":10}},"branchMap":{"0":{"loc":{"start":{"line":16,"column":12},"end":{"line":19,"column":null}},"type":"if","locations":[{"start":{"line":16,"column":12},"end":{"line":19,"column":null}},{"start":{},"end":{}}],"line":16},"1":{"loc":{"start":{"line":16,"column":16},"end":{"line":16,"column":80}},"type":"binary-expr","locations":[{"start":{"line":16,"column":16},"end":{"line":16,"column":56}},{"start":{"line":16,"column":56},"end":{"line":16,"column":80}}],"line":16},"2":{"loc":{"start":{"line":29,"column":12},"end":{"line":29,"column":null}},"type":"binary-expr","locations":[{"start":{"line":29,"column":12},"end":{"line":29,"column":49}},{"start":{"line":29,"column":49},"end":{"line":29,"column":null}}],"line":29}},"s":{"0":0,"1":0,"2":0,"3":0,"4":0,"5":0,"6":0,"7":0,"8":0,"9":0,"10":0},"f":{"0":0,"1":0},"b":{"0":[0,0],"1":[0,0],"2":[0,0]},"meta":{"lastBranch":3,"lastFunction":2,"lastStatement":11,"seen":{"f:9:30:9:43":0,"s:10:4:37:Infinity":0,"f:10:21:10:28":1,"s:11:22:11:Infinity":1,"s:12:23:12:Infinity":2,"s:14:8:23:Infinity":3,"b:16:12:19:Infinity:undefined:undefined:undefined:undefined":0,"s:16:12:19:Infinity":4,"b:16:16:16:56:16:56:16:80":1,"s:17:16:17:Infinity":5,"s:18:16:18:Infinity":6,"s:21:12:21:Infinity":7,"s:22:12:22:Infinity":8,"s:25:26:25:Infinity":9,"s:27:8:36:Infinity":10,"b:29:12:29:49:29:49:29:Infinity":2},"fnNames":{}}}
,"C:\\Users\\samue\\CodeForge\\backend\\src\\routes\\healthRoutes.ts": {"path":"C:\\Users\\samue\\CodeForge\\backend\\src\\routes\\healthRoutes.ts","statementMap":{"0":{"start":{"line":11,"column":4},"end":{"line":17,"column":null}},"1":{"start":{"line":12,"column":8},"end":{"line":16,"column":null}},"2":{"start":{"line":18,"column":4},"end":{"line":18,"column":null}},"3":{"start":{"line":19,"column":4},"end":{"line":19,"column":null}},"4":{"start":{"line":20,"column":4},"end":{"line":22,"column":null}},"5":{"start":{"line":21,"column":8},"end":{"line":21,"column":null}}},"fnMap":{"0":{"name":"healthRoutes","decl":{"start":{"line":10,"column":30},"end":{"line":10,"column":43}},"loc":{"start":{"line":10,"column":69},"end":{"line":23,"column":null}},"line":10},"1":{"name":"(anonymous_1)","decl":{"start":{"line":11,"column":21},"end":{"line":11,"column":28}},"loc":{"start":{"line":11,"column":47},"end":{"line":17,"column":5}},"line":11},"2":{"name":"(anonymous_2)","decl":{"start":{"line":20,"column":28},"end":{"line":20,"column":35}},"loc":{"start":{"line":20,"column":54},"end":{"line":22,"column":5}},"line":20}},"branchMap":{},"s":{"0":3,"1":0,"2":3,"3":3,"4":3,"5":0},"f":{"0":3,"1":0,"2":0},"b":{},"meta":{"lastBranch":0,"lastFunction":3,"lastStatement":6,"seen":{"f:10:30:10:43":0,"s:11:4:17:Infinity":0,"f:11:21:11:28":1,"s:12:8:16:Infinity":1,"s:18:4:18:Infinity":2,"s:19:4:19:Infinity":3,"s:20:4:22:Infinity":4,"f:20:28:20:35":2,"s:21:8:21:Infinity":5},"fnNames":{}}}
,"C:\\Users\\samue\\CodeForge\\backend\\src\\routes\\projectRoutes.ts": {"path":"C:\\Users\\samue\\CodeForge\\backend\\src\\routes\\projectRoutes.ts","statementMap":{"0":{"start":{"line":45,"column":4},"end":{"line":48,"column":null}},"1":{"start":{"line":59,"column":4},"end":{"line":77,"column":null}},"2":{"start":{"line":86,"column":32},"end":{"line":162,"column":null}},"3":{"start":{"line":164,"column":4},"end":{"line":182,"column":null}},"4":{"start":{"line":191,"column":32},"end":{"line":293,"column":null}},"5":{"start":{"line":295,"column":4},"end":{"line":317,"column":null}},"6":{"start":{"line":326,"column":4},"end":{"line":344,"column":null}}},"fnMap":{"0":{"name":"projectRoutes","decl":{"start":{"line":35,"column":30},"end":{"line":35,"column":null}},"loc":{"start":{"line":37,"column":2},"end":{"line":345,"column":null}},"line":37}},"branchMap":{},"s":{"0":3,"1":3,"2":3,"3":3,"4":3,"5":3,"6":3},"f":{"0":3},"b":{},"meta":{"lastBranch":0,"lastFunction":1,"lastStatement":7,"seen":{"f:35:30:35:Infinity":0,"s:45:4:48:Infinity":0,"s:59:4:77:Infinity":1,"s:86:32:162:Infinity":2,"s:164:4:182:Infinity":3,"s:191:32:293:Infinity":4,"s:295:4:317:Infinity":5,"s:326:4:344:Infinity":6},"fnNames":{}}}
,"C:\\Users\\samue\\CodeForge\\backend\\src\\services\\AdminService.ts": {"path":"C:\\Users\\samue\\CodeForge\\backend\\src\\services\\AdminService.ts","statementMap":{"0":{"start":{"line":12,"column":22},"end":{"line":12,"column":null}},"1":{"start":{"line":13,"column":8},"end":{"line":15,"column":null}},"2":{"start":{"line":14,"column":12},"end":{"line":14,"column":null}},"3":{"start":{"line":17,"column":24},"end":{"line":17,"column":null}},"4":{"start":{"line":18,"column":8},"end":{"line":20,"column":null}},"5":{"start":{"line":19,"column":12},"end":{"line":19,"column":null}},"6":{"start":{"line":22,"column":8},"end":{"line":22,"column":null}},"7":{"start":{"line":26,"column":28},"end":{"line":26,"column":null}}},"fnMap":{"0":{"name":"validateCredentials","decl":{"start":{"line":11,"column":10},"end":{"line":11,"column":30}},"loc":{"start":{"line":11,"column":77},"end":{"line":23,"column":null}},"line":11}},"branchMap":{"0":{"loc":{"start":{"line":13,"column":8},"end":{"line":15,"column":null}},"type":"if","locations":[{"start":{"line":13,"column":8},"end":{"line":15,"column":null}},{"start":{},"end":{}}],"line":13},"1":{"loc":{"start":{"line":18,"column":8},"end":{"line":20,"column":null}},"type":"if","locations":[{"start":{"line":18,"column":8},"end":{"line":20,"column":null}},{"start":{},"end":{}}],"line":18}},"s":{"0":6,"1":6,"2":5,"3":1,"4":1,"5":0,"6":1,"7":3},"f":{"0":6},"b":{"0":[5,1],"1":[0,1]},"meta":{"lastBranch":2,"lastFunction":1,"lastStatement":8,"seen":{"f:11:10:11:30":0,"s:12:22:12:Infinity":0,"b:13:8:15:Infinity:undefined:undefined:undefined:undefined":0,"s:13:8:15:Infinity":1,"s:14:12:14:Infinity":2,"s:17:24:17:Infinity":3,"b:18:8:20:Infinity:undefined:undefined:undefined:undefined":1,"s:18:8:20:Infinity":4,"s:19:12:19:Infinity":5,"s:22:8:22:Infinity":6,"s:26:28:26:Infinity":7},"fnNames":{}}}
,"C:\\Users\\samue\\CodeForge\\backend\\src\\services\\ExperienceService.ts": {"path":"C:\\Users\\samue\\CodeForge\\backend\\src\\services\\ExperienceService.ts","statementMap":{"0":{"start":{"line":14,"column":8},"end":{"line":14,"column":null}},"1":{"start":{"line":18,"column":8},"end":{"line":30,"column":null}},"2":{"start":{"line":34,"column":28},"end":{"line":34,"column":null}},"3":{"start":{"line":35,"column":8},"end":{"line":35,"column":null}},"4":{"start":{"line":39,"column":27},"end":{"line":39,"column":null}},"5":{"start":{"line":40,"column":8},"end":{"line":40,"column":null}},"6":{"start":{"line":40,"column":25},"end":{"line":40,"column":null}},"7":{"start":{"line":41,"column":8},"end":{"line":41,"column":null}},"8":{"start":{"line":45,"column":30},"end":{"line":45,"column":null}},"9":{"start":{"line":46,"column":8},"end":{"line":46,"column":null}},"10":{"start":{"line":50,"column":24},"end":{"line":50,"column":null}},"11":{"start":{"line":51,"column":8},"end":{"line":51,"column":null}},"12":{"start":{"line":51,"column":22},"end":{"line":51,"column":null}},"13":{"start":{"line":52,"column":8},"end":{"line":52,"column":null}},"14":{"start":{"line":56,"column":24},"end":{"line":56,"column":null}},"15":{"start":{"line":57,"column":8},"end":{"line":57,"column":null}},"16":{"start":{"line":57,"column":22},"end":{"line":57,"column":null}}},"fnMap":{"0":{"name":"constructor","decl":{"start":{"line":13,"column":4},"end":{"line":13,"column":18}},"loc":{"start":{"line":13,"column":18},"end":{"line":15,"column":null}},"line":13},"1":{"name":"mapToDTO","decl":{"start":{"line":17,"column":4},"end":{"line":17,"column":12}},"loc":{"start":{"line":17,"column":51},"end":{"line":31,"column":null}},"line":17},"2":{"name":"getAllExperiences","decl":{"start":{"line":33,"column":10},"end":{"line":33,"column":28}},"loc":{"start":{"line":33,"column":97},"end":{"line":36,"column":null}},"line":33},"3":{"name":"getExperienceById","decl":{"start":{"line":38,"column":10},"end":{"line":38,"column":28}},"loc":{"start":{"line":38,"column":69},"end":{"line":42,"column":null}},"line":38},"4":{"name":"createExperience","decl":{"start":{"line":44,"column":10},"end":{"line":44,"column":27}},"loc":{"start":{"line":44,"column":83},"end":{"line":47,"column":null}},"line":44},"5":{"name":"updateExperience","decl":{"start":{"line":49,"column":10},"end":{"line":49,"column":27}},"loc":{"start":{"line":49,"column":95},"end":{"line":53,"column":null}},"line":49},"6":{"name":"deleteExperience","decl":{"start":{"line":55,"column":10},"end":{"line":55,"column":27}},"loc":{"start":{"line":55,"column":54},"end":{"line":58,"column":null}},"line":55}},"branchMap":{"0":{"loc":{"start":{"line":23,"column":26},"end":{"line":23,"column":null}},"type":"binary-expr","locations":[{"start":{"line":23,"column":26},"end":{"line":23,"column":46}},{"start":{"line":23,"column":46},"end":{"line":23,"column":null}}],"line":23},"1":{"loc":{"start":{"line":33,"column":28},"end":{"line":33,"column":46}},"type":"default-arg","locations":[{"start":{"line":33,"column":43},"end":{"line":33,"column":46}}],"line":33},"2":{"loc":{"start":{"line":33,"column":46},"end":{"line":33,"column":97}},"type":"default-arg","locations":[{"start":{"line":33,"column":62},"end":{"line":33,"column":97}}],"line":33},"3":{"loc":{"start":{"line":40,"column":8},"end":{"line":40,"column":null}},"type":"if","locations":[{"start":{"line":40,"column":8},"end":{"line":40,"column":null}},{"start":{},"end":{}}],"line":40},"4":{"loc":{"start":{"line":51,"column":8},"end":{"line":51,"column":null}},"type":"if","locations":[{"start":{"line":51,"column":8},"end":{"line":51,"column":null}},{"start":{},"end":{}}],"line":51},"5":{"loc":{"start":{"line":57,"column":8},"end":{"line":57,"column":null}},"type":"if","locations":[{"start":{"line":57,"column":8},"end":{"line":57,"column":null}},{"start":{},"end":{}}],"line":57}},"s":{"0":3,"1":0,"2":1,"3":1,"4":0,"5":0,"6":0,"7":0,"8":0,"9":0,"10":0,"11":0,"12":0,"13":0,"14":0,"15":0,"16":0},"f":{"0":3,"1":0,"2":1,"3":0,"4":0,"5":0,"6":0},"b":{"0":[0,0],"1":[1],"2":[1],"3":[0,0],"4":[0,0],"5":[0,0]},"meta":{"lastBranch":6,"lastFunction":7,"lastStatement":17,"seen":{"f:13:4:13:18":0,"s:14:8:14:Infinity":0,"f:17:4:17:12":1,"s:18:8:30:Infinity":1,"b:23:26:23:46:23:46:23:Infinity":0,"f:33:10:33:28":2,"b:33:43:33:46":1,"b:33:62:33:97":2,"s:34:28:34:Infinity":2,"s:35:8:35:Infinity":3,"f:38:10:38:28":3,"s:39:27:39:Infinity":4,"b:40:8:40:Infinity:undefined:undefined:undefined:undefined":3,"s:40:8:40:Infinity":5,"s:40:25:40:Infinity":6,"s:41:8:41:Infinity":7,"f:44:10:44:27":4,"s:45:30:45:Infinity":8,"s:46:8:46:Infinity":9,"f:49:10:49:27":5,"s:50:24:50:Infinity":10,"b:51:8:51:Infinity:undefined:undefined:undefined:undefined":4,"s:51:8:51:Infinity":11,"s:51:22:51:Infinity":12,"s:52:8:52:Infinity":13,"f:55:10:55:27":6,"s:56:24:56:Infinity":14,"b:57:8:57:Infinity:undefined:undefined:undefined:undefined":5,"s:57:8:57:Infinity":15,"s:57:22:57:Infinity":16},"fnNames":{}}}
,"C:\\Users\\samue\\CodeForge\\backend\\src\\services\\ProjectService.ts": {"path":"C:\\Users\\samue\\CodeForge\\backend\\src\\services\\ProjectService.ts","statementMap":{"0":{"start":{"line":21,"column":8},"end":{"line":21,"column":null}},"1":{"start":{"line":31,"column":20},"end":{"line":31,"column":null}},"2":{"start":{"line":32,"column":21},"end":{"line":32,"column":null}},"3":{"start":{"line":34,"column":8},"end":{"line":46,"column":null}},"4":{"start":{"line":36,"column":12},"end":{"line":45,"column":null}},"5":{"start":{"line":40,"column":16},"end":{"line":40,"column":null}},"6":{"start":{"line":41,"column":16},"end":{"line":41,"column":null}},"7":{"start":{"line":44,"column":16},"end":{"line":44,"column":null}},"8":{"start":{"line":48,"column":8},"end":{"line":65,"column":null}},"9":{"start":{"line":75,"column":25},"end":{"line":78,"column":null}},"10":{"start":{"line":80,"column":8},"end":{"line":82,"column":null}},"11":{"start":{"line":81,"column":12},"end":{"line":81,"column":null}},"12":{"start":{"line":96,"column":12},"end":{"line":96,"column":null}},"13":{"start":{"line":98,"column":8},"end":{"line":100,"column":null}},"14":{"start":{"line":99,"column":12},"end":{"line":99,"column":null}},"15":{"start":{"line":102,"column":8},"end":{"line":102,"column":null}},"16":{"start":{"line":112,"column":12},"end":{"line":112,"column":null}},"17":{"start":{"line":114,"column":8},"end":{"line":119,"column":null}},"18":{"start":{"line":115,"column":12},"end":{"line":118,"column":null}},"19":{"start":{"line":121,"column":8},"end":{"line":121,"column":null}},"20":{"start":{"line":135,"column":12},"end":{"line":138,"column":null}},"21":{"start":{"line":140,"column":8},"end":{"line":142,"column":null}},"22":{"start":{"line":141,"column":12},"end":{"line":141,"column":null}},"23":{"start":{"line":144,"column":8},"end":{"line":144,"column":null}},"24":{"start":{"line":156,"column":12},"end":{"line":156,"column":null}},"25":{"start":{"line":158,"column":8},"end":{"line":160,"column":null}},"26":{"start":{"line":159,"column":12},"end":{"line":159,"column":null}}},"fnMap":{"0":{"name":"constructor","decl":{"start":{"line":20,"column":4},"end":{"line":20,"column":18}},"loc":{"start":{"line":20,"column":18},"end":{"line":22,"column":null}},"line":20},"1":{"name":"mapToDTO","decl":{"start":{"line":30,"column":4},"end":{"line":30,"column":12}},"loc":{"start":{"line":30,"column":52},"end":{"line":66,"column":null}},"line":30},"2":{"name":"getAllProjects","decl":{"start":{"line":71,"column":10},"end":{"line":71,"column":null}},"loc":{"start":{"line":74,"column":34},"end":{"line":83,"column":null}},"line":74},"3":{"name":"(anonymous_3)","decl":{"start":{"line":80,"column":24},"end":{"line":80,"column":29}},"loc":{"start":{"line":81,"column":12},"end":{"line":81,"column":null}},"line":81},"4":{"name":"getProjectById","decl":{"start":{"line":92,"column":10},"end":{"line":92,"column":null}},"loc":{"start":{"line":94,"column":32},"end":{"line":103,"column":null}},"line":94},"5":{"name":"createProject","decl":{"start":{"line":108,"column":10},"end":{"line":108,"column":null}},"loc":{"start":{"line":110,"column":32},"end":{"line":122,"column":null}},"line":110},"6":{"name":"updateProject","decl":{"start":{"line":130,"column":10},"end":{"line":130,"column":null}},"loc":{"start":{"line":133,"column":32},"end":{"line":145,"column":null}},"line":133},"7":{"name":"deleteProject","decl":{"start":{"line":152,"column":10},"end":{"line":152,"column":null}},"loc":{"start":{"line":154,"column":21},"end":{"line":161,"column":null}},"line":154}},"branchMap":{"0":{"loc":{"start":{"line":34,"column":8},"end":{"line":46,"column":null}},"type":"if","locations":[{"start":{"line":34,"column":8},"end":{"line":46,"column":null}},{"start":{},"end":{}}],"line":34},"1":{"loc":{"start":{"line":36,"column":12},"end":{"line":45,"column":null}},"type":"if","locations":[{"start":{"line":36,"column":12},"end":{"line":45,"column":null}},{"start":{"line":42,"column":19},"end":{"line":45,"column":null}}],"line":36},"2":{"loc":{"start":{"line":37,"column":16},"end":{"line":38,"column":null}},"type":"binary-expr","locations":[{"start":{"line":37,"column":16},"end":{"line":37,"column":null}},{"start":{"line":38,"column":16},"end":{"line":38,"column":null}}],"line":37},"3":{"loc":{"start":{"line":41,"column":25},"end":{"line":41,"column":null}},"type":"binary-expr","locations":[{"start":{"line":41,"column":25},"end":{"line":41,"column":55}},{"start":{"line":41,"column":55},"end":{"line":41,"column":null}}],"line":41},"4":{"loc":{"start":{"line":49,"column":16},"end":{"line":51,"column":null}},"type":"cond-expr","locations":[{"start":{"line":50,"column":18},"end":{"line":50,"column":null}},{"start":{"line":51,"column":18},"end":{"line":51,"column":null}}],"line":49},"5":{"loc":{"start":{"line":56,"column":24},"end":{"line":56,"column":null}},"type":"binary-expr","locations":[{"start":{"line":56,"column":24},"end":{"line":56,"column":46}},{"start":{"line":56,"column":46},"end":{"line":56,"column":null}}],"line":56},"6":{"loc":{"start":{"line":58,"column":23},"end":{"line":58,"column":null}},"type":"binary-expr","locations":[{"start":{"line":58,"column":23},"end":{"line":58,"column":44}},{"start":{"line":58,"column":44},"end":{"line":58,"column":null}}],"line":58},"7":{"loc":{"start":{"line":72,"column":8},"end":{"line":72,"column":null}},"type":"default-arg","locations":[{"start":{"line":72,"column":23},"end":{"line":72,"column":null}}],"line":72},"8":{"loc":{"start":{"line":73,"column":8},"end":{"line":73,"column":null}},"type":"default-arg","locations":[{"start":{"line":73,"column":24},"end":{"line":73,"column":null}}],"line":73},"9":{"loc":{"start":{"line":98,"column":8},"end":{"line":100,"column":null}},"type":"if","locations":[{"start":{"line":98,"column":8},"end":{"line":100,"column":null}},{"start":{},"end":{}}],"line":98},"10":{"loc":{"start":{"line":114,"column":8},"end":{"line":119,"column":null}},"type":"if","locations":[{"start":{"line":114,"column":8},"end":{"line":119,"column":null}},{"start":{},"end":{}}],"line":114},"11":{"loc":{"start":{"line":140,"column":8},"end":{"line":142,"column":null}},"type":"if","locations":[{"start":{"line":140,"column":8},"end":{"line":142,"column":null}},{"start":{},"end":{}}],"line":140},"12":{"loc":{"start":{"line":158,"column":8},"end":{"line":160,"column":null}},"type":"if","locations":[{"start":{"line":158,"column":8},"end":{"line":160,"column":null}},{"start":{},"end":{}}],"line":158}},"s":{"0":4,"1":7,"2":7,"3":7,"4":0,"5":0,"6":0,"7":0,"8":7,"9":1,"10":1,"11":1,"12":3,"13":3,"14":2,"15":1,"16":4,"17":4,"18":0,"19":4,"20":1,"21":1,"22":0,"23":1,"24":1,"25":1,"26":0},"f":{"0":4,"1":7,"2":1,"3":1,"4":3,"5":4,"6":1,"7":1},"b":{"0":[0,7],"1":[0,0],"2":[0,0],"3":[0,0],"4":[7,0],"5":[7,0],"6":[7,0],"7":[1],"8":[1],"9":[2,1],"10":[0,4],"11":[0,1],"12":[0,1]},"meta":{"lastBranch":13,"lastFunction":8,"lastStatement":27,"seen":{"f:20:4:20:18":0,"s:21:8:21:Infinity":0,"f:30:4:30:12":1,"s:31:20:31:Infinity":1,"s:32:21:32:Infinity":2,"b:34:8:46:Infinity:undefined:undefined:undefined:undefined":0,"s:34:8:46:Infinity":3,"b:36:12:45:Infinity:42:19:45:Infinity":1,"s:36:12:45:Infinity":4,"b:37:16:37:Infinity:38:16:38:Infinity":2,"s:40:16:40:Infinity":5,"s:41:16:41:Infinity":6,"b:41:25:41:55:41:55:41:Infinity":3,"s:44:16:44:Infinity":7,"s:48:8:65:Infinity":8,"b:50:18:50:Infinity:51:18:51:Infinity":4,"b:56:24:56:46:56:46:56:Infinity":5,"b:58:23:58:44:58:44:58:Infinity":6,"f:71:10:71:Infinity":2,"b:72:23:72:Infinity":7,"b:73:24:73:Infinity":8,"s:75:25:78:Infinity":9,"s:80:8:82:Infinity":10,"f:80:24:80:29":3,"s:81:12:81:Infinity":11,"f:92:10:92:Infinity":4,"s:96:12:96:Infinity":12,"b:98:8:100:Infinity:undefined:undefined:undefined:undefined":9,"s:98:8:100:Infinity":13,"s:99:12:99:Infinity":14,"s:102:8:102:Infinity":15,"f:108:10:108:Infinity":5,"s:112:12:112:Infinity":16,"b:114:8:119:Infinity:undefined:undefined:undefined:undefined":10,"s:114:8:119:Infinity":17,"s:115:12:118:Infinity":18,"s:121:8:121:Infinity":19,"f:130:10:130:Infinity":6,"s:135:12:138:Infinity":20,"b:140:8:142:Infinity:undefined:undefined:undefined:undefined":11,"s:140:8:142:Infinity":21,"s:141:12:141:Infinity":22,"s:144:8:144:Infinity":23,"f:152:10:152:Infinity":7,"s:156:12:156:Infinity":24,"b:158:8:160:Infinity:undefined:undefined:undefined:undefined":12,"s:158:8:160:Infinity":25,"s:159:12:159:Infinity":26},"fnNames":{}}}
,"C:\\Users\\samue\\CodeForge\\backend\\src\\utils\\auditLogger.ts": {"path":"C:\\Users\\samue\\CodeForge\\backend\\src\\utils\\auditLogger.ts","statementMap":{"0":{"start":{"line":9,"column":15},"end":{"line":15,"column":null}},"1":{"start":{"line":27,"column":27},"end":{"line":36,"column":null}},"2":{"start":{"line":30,"column":8},"end":{"line":34,"column":null}}},"fnMap":{"0":{"name":"(anonymous_0)","decl":{"start":{"line":28,"column":4},"end":{"line":28,"column":10}},"loc":{"start":{"line":28,"column":39},"end":{"line":35,"column":null}},"line":28}},"branchMap":{"0":{"loc":{"start":{"line":10,"column":11},"end":{"line":10,"column":null}},"type":"binary-expr","locations":[{"start":{"line":10,"column":11},"end":{"line":10,"column":36}},{"start":{"line":10,"column":36},"end":{"line":10,"column":null}}],"line":10},"1":{"loc":{"start":{"line":11,"column":4},"end":{"line":14,"column":null}},"type":"cond-expr","locations":[{"start":{"line":11,"column":55},"end":{"line":14,"column":8}},{"start":{"line":14,"column":8},"end":{"line":14,"column":null}}],"line":11}},"s":{"0":3,"1":3,"2":1},"f":{"0":1},"b":{"0":[3,3],"1":[3,0]},"meta":{"lastBranch":2,"lastFunction":1,"lastStatement":3,"seen":{"s:9:15:15:Infinity":0,"b:10:11:10:36:10:36:10:Infinity":0,"b:11:55:14:8:14:8:14:Infinity":1,"s:27:27:36:Infinity":1,"f:28:4:28:10":0,"s:30:8:34:Infinity":2},"fnNames":{}}}
,"C:\\Users\\samue\\CodeForge\\backend\\src\\utils\\seedAdmin.ts": {"path":"C:\\Users\\samue\\CodeForge\\backend\\src\\utils\\seedAdmin.ts","statementMap":{"0":{"start":{"line":10,"column":24},"end":{"line":10,"column":null}},"1":{"start":{"line":12,"column":4},"end":{"line":16,"column":null}},"2":{"start":{"line":13,"column":8},"end":{"line":15,"column":null}},"3":{"start":{"line":18,"column":17},"end":{"line":18,"column":null}},"4":{"start":{"line":19,"column":25},"end":{"line":19,"column":null}},"5":{"start":{"line":21,"column":23},"end":{"line":21,"column":null}},"6":{"start":{"line":23,"column":4},"end":{"line":27,"column":null}},"7":{"start":{"line":24,"column":8},"end":{"line":24,"column":null}},"8":{"start":{"line":25,"column":8},"end":{"line":25,"column":null}},"9":{"start":{"line":26,"column":8},"end":{"line":26,"column":null}},"10":{"start":{"line":29,"column":4},"end":{"line":32,"column":null}},"11":{"start":{"line":34,"column":4},"end":{"line":34,"column":null}}},"fnMap":{"0":{"name":"seedAdmin","decl":{"start":{"line":9,"column":22},"end":{"line":9,"column":49}},"loc":{"start":{"line":9,"column":49},"end":{"line":35,"column":null}},"line":9}},"branchMap":{"0":{"loc":{"start":{"line":12,"column":4},"end":{"line":16,"column":null}},"type":"if","locations":[{"start":{"line":12,"column":4},"end":{"line":16,"column":null}},{"start":{},"end":{}}],"line":12},"1":{"loc":{"start":{"line":23,"column":4},"end":{"line":27,"column":null}},"type":"if","locations":[{"start":{"line":23,"column":4},"end":{"line":27,"column":null}},{"start":{},"end":{}}],"line":23}},"s":{"0":0,"1":0,"2":0,"3":0,"4":0,"5":0,"6":0,"7":0,"8":0,"9":0,"10":0,"11":0},"f":{"0":0},"b":{"0":[0,0],"1":[0,0]},"meta":{"lastBranch":2,"lastFunction":1,"lastStatement":12,"seen":{"f:9:22:9:49":0,"s:10:24:10:Infinity":0,"b:12:4:16:Infinity:undefined:undefined:undefined:undefined":0,"s:12:4:16:Infinity":1,"s:13:8:15:Infinity":2,"s:18:17:18:Infinity":3,"s:19:25:19:Infinity":4,"s:21:23:21:Infinity":5,"b:23:4:27:Infinity:undefined:undefined:undefined:undefined":1,"s:23:4:27:Infinity":6,"s:24:8:24:Infinity":7,"s:25:8:25:Infinity":8,"s:26:8:26:Infinity":9,"s:29:4:32:Infinity":10,"s:34:4:34:Infinity":11},"fnNames":{}}}
,"C:\\Users\\samue\\CodeForge\\backend\\src\\utils\\vercel.ts": {"path":"C:\\Users\\samue\\CodeForge\\backend\\src\\utils\\vercel.ts","statementMap":{"0":{"start":{"line":9,"column":26},"end":{"line":9,"column":null}},"1":{"start":{"line":10,"column":4},"end":{"line":13,"column":null}},"2":{"start":{"line":11,"column":8},"end":{"line":11,"column":null}},"3":{"start":{"line":12,"column":8},"end":{"line":12,"column":null}},"4":{"start":{"line":15,"column":4},"end":{"line":26,"column":null}},"5":{"start":{"line":16,"column":8},"end":{"line":16,"column":null}},"6":{"start":{"line":17,"column":25},"end":{"line":17,"column":null}},"7":{"start":{"line":19,"column":8},"end":{"line":23,"column":null}},"8":{"start":{"line":20,"column":12},"end":{"line":20,"column":null}},"9":{"start":{"line":22,"column":12},"end":{"line":22,"column":null}},"10":{"start":{"line":25,"column":8},"end":{"line":25,"column":null}}},"fnMap":{"0":{"name":"triggerVercelDeploy","decl":{"start":{"line":8,"column":22},"end":{"line":8,"column":44}},"loc":{"start":{"line":8,"column":44},"end":{"line":27,"column":null}},"line":8}},"branchMap":{"0":{"loc":{"start":{"line":10,"column":4},"end":{"line":13,"column":null}},"type":"if","locations":[{"start":{"line":10,"column":4},"end":{"line":13,"column":null}},{"start":{},"end":{}}],"line":10},"1":{"loc":{"start":{"line":19,"column":8},"end":{"line":23,"column":null}},"type":"if","locations":[{"start":{"line":19,"column":8},"end":{"line":23,"column":null}},{"start":{"line":21,"column":15},"end":{"line":23,"column":null}}],"line":19}},"s":{"0":0,"1":0,"2":0,"3":0,"4":0,"5":0,"6":0,"7":0,"8":0,"9":0,"10":0},"f":{"0":0},"b":{"0":[0,0],"1":[0,0]},"meta":{"lastBranch":2,"lastFunction":1,"lastStatement":11,"seen":{"f:8:22:8:44":0,"s:9:26:9:Infinity":0,"b:10:4:13:Infinity:undefined:undefined:undefined:undefined":0,"s:10:4:13:Infinity":1,"s:11:8:11:Infinity":2,"s:12:8:12:Infinity":3,"s:15:4:26:Infinity":4,"s:16:8:16:Infinity":5,"s:17:25:17:Infinity":6,"b:19:8:23:Infinity:21:15:23:Infinity":1,"s:19:8:23:Infinity":7,"s:20:12:20:Infinity":8,"s:22:12:22:Infinity":9,"s:25:8:25:Infinity":10},"fnNames":{}}}
}
